{"D:\\GIT\\PERSONAL\\JS-BDD-Cypress-Allure-Framework\\lib\\createTestFromScenario.js": {"path":"D:\\GIT\\PERSONAL\\JS-BDD-Cypress-Allure-Framework\\lib\\createTestFromScenario.js","statementMap":{"0":{"start":{"line":2,"column":17},"end":{"line":2,"column":55}},"1":{"start":{"line":8,"column":4},"end":{"line":8,"column":38}},"2":{"start":{"line":9,"column":33},"end":{"line":9,"column":75}},"3":{"start":{"line":10,"column":49},"end":{"line":10,"column":72}},"4":{"start":{"line":12,"column":29},"end":{"line":16,"column":3}},"5":{"start":{"line":13,"column":2},"end":{"line":16,"column":3}},"6":{"start":{"line":14,"column":20},"end":{"line":14,"column":76}},"7":{"start":{"line":19,"column":17},"end":{"line":36,"column":1}},"8":{"start":{"line":20,"column":15},"end":{"line":24,"column":3}},"9":{"start":{"line":25,"column":2},"end":{"line":35,"column":66}},"10":{"start":{"line":25,"column":16},"end":{"line":25,"column":46}},"11":{"start":{"line":27,"column":6},"end":{"line":33,"column":7}},"12":{"start":{"line":35,"column":16},"end":{"line":35,"column":64}},"13":{"start":{"line":38,"column":16},"end":{"line":74,"column":1}},"14":{"start":{"line":39,"column":23},"end":{"line":39,"column":76}},"15":{"start":{"line":39,"column":56},"end":{"line":39,"column":74}},"16":{"start":{"line":43,"column":2},"end":{"line":73,"column":3}},"17":{"start":{"line":45,"column":4},"end":{"line":58,"column":7}},"18":{"start":{"line":46,"column":20},"end":{"line":46,"column":36}},"19":{"start":{"line":47,"column":6},"end":{"line":57,"column":54}},"20":{"start":{"line":48,"column":20},"end":{"line":48,"column":65}},"21":{"start":{"line":50,"column":10},"end":{"line":50,"column":80}},"22":{"start":{"line":53,"column":10},"end":{"line":55,"column":11}},"23":{"start":{"line":54,"column":12},"end":{"line":54,"column":53}},"24":{"start":{"line":57,"column":20},"end":{"line":57,"column":52}},"25":{"start":{"line":61,"column":4},"end":{"line":72,"column":7}},"26":{"start":{"line":65,"column":20},"end":{"line":65,"column":36}},"27":{"start":{"line":66,"column":6},"end":{"line":71,"column":11}},"28":{"start":{"line":66,"column":20},"end":{"line":66,"column":65}},"29":{"start":{"line":67,"column":20},"end":{"line":67,"column":52}},"30":{"start":{"line":70,"column":10},"end":{"line":70,"column":29}},"31":{"start":{"line":76,"column":24},"end":{"line":76,"column":46}},"32":{"start":{"line":76,"column":31},"end":{"line":76,"column":46}},"33":{"start":{"line":78,"column":30},"end":{"line":86,"column":1}},"34":{"start":{"line":80,"column":4},"end":{"line":80,"column":63}},"35":{"start":{"line":81,"column":23},"end":{"line":81,"column":59}},"36":{"start":{"line":82,"column":23},"end":{"line":82,"column":68}},"37":{"start":{"line":83,"column":19},"end":{"line":83,"column":67}},"38":{"start":{"line":84,"column":18},"end":{"line":84,"column":82}},"39":{"start":{"line":85,"column":2},"end":{"line":85,"column":46}},"40":{"start":{"line":88,"column":32},"end":{"line":187,"column":1}},"41":{"start":{"line":94,"column":2},"end":{"line":96,"column":5}},"42":{"start":{"line":95,"column":4},"end":{"line":95,"column":43}},"43":{"start":{"line":95,"column":18},"end":{"line":95,"column":41}},"44":{"start":{"line":100,"column":2},"end":{"line":108,"column":5}},"45":{"start":{"line":101,"column":4},"end":{"line":101,"column":33}},"46":{"start":{"line":103,"column":24},"end":{"line":105,"column":5}},"47":{"start":{"line":104,"column":6},"end":{"line":104,"column":28}},"48":{"start":{"line":107,"column":4},"end":{"line":107,"column":54}},"49":{"start":{"line":110,"column":2},"end":{"line":163,"column":5}},"50":{"start":{"line":111,"column":4},"end":{"line":162,"column":5}},"51":{"start":{"line":112,"column":25},"end":{"line":112,"column":39}},"52":{"start":{"line":113,"column":6},"end":{"line":155,"column":9}},"53":{"start":{"line":114,"column":30},"end":{"line":114,"column":32}},"54":{"start":{"line":115,"column":33},"end":{"line":115,"column":35}},"55":{"start":{"line":117,"column":10},"end":{"line":118,"column":69}},"56":{"start":{"line":120,"column":8},"end":{"line":128,"column":11}},"57":{"start":{"line":121,"column":10},"end":{"line":121,"column":52}},"58":{"start":{"line":122,"column":10},"end":{"line":127,"column":13}},"59":{"start":{"line":123,"column":12},"end":{"line":126,"column":14}},"60":{"start":{"line":130,"column":8},"end":{"line":154,"column":11}},"61":{"start":{"line":132,"column":31},"end":{"line":132,"column":74}},"62":{"start":{"line":133,"column":37},"end":{"line":133,"column":78}},"63":{"start":{"line":134,"column":31},"end":{"line":138,"column":12}},"64":{"start":{"line":135,"column":28},"end":{"line":135,"column":39}},"65":{"start":{"line":136,"column":12},"end":{"line":136,"column":71}},"66":{"start":{"line":137,"column":12},"end":{"line":137,"column":27}},"67":{"start":{"line":140,"column":29},"end":{"line":142,"column":26}},"68":{"start":{"line":144,"column":34},"end":{"line":151,"column":11}},"69":{"start":{"line":153,"column":10},"end":{"line":153,"column":67}},"70":{"start":{"line":157,"column":25},"end":{"line":159,"column":23}},"71":{"start":{"line":161,"column":6},"end":{"line":161,"column":46}},"72":{"start":{"line":166,"column":2},"end":{"line":173,"column":5}},"73":{"start":{"line":167,"column":4},"end":{"line":172,"column":7}},"74":{"start":{"line":167,"column":18},"end":{"line":167,"column":42}},"75":{"start":{"line":168,"column":6},"end":{"line":171,"column":7}},"76":{"start":{"line":169,"column":21},"end":{"line":169,"column":52}},"77":{"start":{"line":170,"column":8},"end":{"line":170,"column":36}},"78":{"start":{"line":176,"column":2},"end":{"line":186,"column":5}},"79":{"start":{"line":177,"column":4},"end":{"line":185,"column":5}},"80":{"start":{"line":178,"column":6},"end":{"line":184,"column":8}},"81":{"start":{"line":179,"column":8},"end":{"line":183,"column":9}},"82":{"start":{"line":189,"column":0},"end":{"line":191,"column":2}}},"fnMap":{"0":{"name":"(anonymous_0)","decl":{"start":{"line":12,"column":29},"end":{"line":12,"column":30}},"loc":{"start":{"line":13,"column":2},"end":{"line":16,"column":3}},"line":13},"1":{"name":"(anonymous_1)","decl":{"start":{"line":14,"column":4},"end":{"line":14,"column":5}},"loc":{"start":{"line":14,"column":20},"end":{"line":14,"column":76}},"line":14},"2":{"name":"(anonymous_2)","decl":{"start":{"line":19,"column":17},"end":{"line":19,"column":18}},"loc":{"start":{"line":19,"column":63},"end":{"line":36,"column":1}},"line":19},"3":{"name":"(anonymous_3)","decl":{"start":{"line":25,"column":10},"end":{"line":25,"column":11}},"loc":{"start":{"line":25,"column":16},"end":{"line":25,"column":46}},"line":25},"4":{"name":"(anonymous_4)","decl":{"start":{"line":26,"column":39},"end":{"line":26,"column":40}},"loc":{"start":{"line":27,"column":6},"end":{"line":33,"column":7}},"line":27},"5":{"name":"(anonymous_5)","decl":{"start":{"line":35,"column":10},"end":{"line":35,"column":11}},"loc":{"start":{"line":35,"column":16},"end":{"line":35,"column":64}},"line":35},"6":{"name":"(anonymous_6)","decl":{"start":{"line":38,"column":16},"end":{"line":38,"column":17}},"loc":{"start":{"line":38,"column":51},"end":{"line":74,"column":1}},"line":38},"7":{"name":"(anonymous_7)","decl":{"start":{"line":39,"column":38},"end":{"line":39,"column":39}},"loc":{"start":{"line":39,"column":56},"end":{"line":39,"column":74}},"line":39},"8":{"name":"(anonymous_8)","decl":{"start":{"line":45,"column":22},"end":{"line":45,"column":23}},"loc":{"start":{"line":45,"column":34},"end":{"line":58,"column":5}},"line":45},"9":{"name":"(anonymous_9)","decl":{"start":{"line":48,"column":14},"end":{"line":48,"column":15}},"loc":{"start":{"line":48,"column":20},"end":{"line":48,"column":65}},"line":48},"10":{"name":"(anonymous_10)","decl":{"start":{"line":49,"column":14},"end":{"line":49,"column":15}},"loc":{"start":{"line":50,"column":10},"end":{"line":50,"column":80}},"line":50},"11":{"name":"(anonymous_11)","decl":{"start":{"line":52,"column":14},"end":{"line":52,"column":15}},"loc":{"start":{"line":53,"column":10},"end":{"line":55,"column":11}},"line":53},"12":{"name":"(anonymous_12)","decl":{"start":{"line":53,"column":31},"end":{"line":53,"column":32}},"loc":{"start":{"line":54,"column":12},"end":{"line":54,"column":53}},"line":54},"13":{"name":"(anonymous_13)","decl":{"start":{"line":57,"column":14},"end":{"line":57,"column":15}},"loc":{"start":{"line":57,"column":20},"end":{"line":57,"column":52}},"line":57},"14":{"name":"(anonymous_14)","decl":{"start":{"line":61,"column":22},"end":{"line":61,"column":23}},"loc":{"start":{"line":61,"column":34},"end":{"line":72,"column":5}},"line":61},"15":{"name":"(anonymous_15)","decl":{"start":{"line":66,"column":14},"end":{"line":66,"column":15}},"loc":{"start":{"line":66,"column":20},"end":{"line":66,"column":65}},"line":66},"16":{"name":"(anonymous_16)","decl":{"start":{"line":67,"column":14},"end":{"line":67,"column":15}},"loc":{"start":{"line":67,"column":20},"end":{"line":67,"column":52}},"line":67},"17":{"name":"(anonymous_17)","decl":{"start":{"line":69,"column":14},"end":{"line":69,"column":15}},"loc":{"start":{"line":69,"column":26},"end":{"line":71,"column":9}},"line":69},"18":{"name":"(anonymous_18)","decl":{"start":{"line":76,"column":24},"end":{"line":76,"column":25}},"loc":{"start":{"line":76,"column":31},"end":{"line":76,"column":46}},"line":76},"19":{"name":"(anonymous_19)","decl":{"start":{"line":78,"column":30},"end":{"line":78,"column":31}},"loc":{"start":{"line":78,"column":40},"end":{"line":86,"column":1}},"line":78},"20":{"name":"(anonymous_20)","decl":{"start":{"line":88,"column":32},"end":{"line":88,"column":33}},"loc":{"start":{"line":92,"column":5},"end":{"line":187,"column":1}},"line":92},"21":{"name":"(anonymous_21)","decl":{"start":{"line":94,"column":9},"end":{"line":94,"column":10}},"loc":{"start":{"line":94,"column":21},"end":{"line":96,"column":3}},"line":94},"22":{"name":"(anonymous_22)","decl":{"start":{"line":95,"column":12},"end":{"line":95,"column":13}},"loc":{"start":{"line":95,"column":18},"end":{"line":95,"column":41}},"line":95},"23":{"name":"(anonymous_23)","decl":{"start":{"line":100,"column":13},"end":{"line":100,"column":14}},"loc":{"start":{"line":100,"column":25},"end":{"line":108,"column":3}},"line":100},"24":{"name":"(anonymous_24)","decl":{"start":{"line":103,"column":24},"end":{"line":103,"column":25}},"loc":{"start":{"line":103,"column":36},"end":{"line":105,"column":5}},"line":103},"25":{"name":"(anonymous_25)","decl":{"start":{"line":110,"column":23},"end":{"line":110,"column":24}},"loc":{"start":{"line":110,"column":36},"end":{"line":163,"column":3}},"line":110},"26":{"name":"(anonymous_26)","decl":{"start":{"line":113,"column":31},"end":{"line":113,"column":32}},"loc":{"start":{"line":113,"column":44},"end":{"line":155,"column":7}},"line":113},"27":{"name":"(anonymous_27)","decl":{"start":{"line":120,"column":34},"end":{"line":120,"column":35}},"loc":{"start":{"line":120,"column":53},"end":{"line":128,"column":9}},"line":120},"28":{"name":"(anonymous_28)","decl":{"start":{"line":122,"column":44},"end":{"line":122,"column":45}},"loc":{"start":{"line":122,"column":69},"end":{"line":127,"column":11}},"line":122},"29":{"name":"(anonymous_29)","decl":{"start":{"line":130,"column":30},"end":{"line":130,"column":31}},"loc":{"start":{"line":130,"column":50},"end":{"line":154,"column":9}},"line":130},"30":{"name":"(anonymous_30)","decl":{"start":{"line":134,"column":49},"end":{"line":134,"column":50}},"loc":{"start":{"line":134,"column":59},"end":{"line":138,"column":11}},"line":134},"31":{"name":"(anonymous_31)","decl":{"start":{"line":166,"column":8},"end":{"line":166,"column":9}},"loc":{"start":{"line":166,"column":20},"end":{"line":173,"column":3}},"line":166},"32":{"name":"(anonymous_32)","decl":{"start":{"line":167,"column":12},"end":{"line":167,"column":13}},"loc":{"start":{"line":167,"column":18},"end":{"line":167,"column":42}},"line":167},"33":{"name":"(anonymous_33)","decl":{"start":{"line":167,"column":49},"end":{"line":167,"column":50}},"loc":{"start":{"line":167,"column":55},"end":{"line":172,"column":5}},"line":167},"34":{"name":"(anonymous_34)","decl":{"start":{"line":176,"column":12},"end":{"line":176,"column":13}},"loc":{"start":{"line":176,"column":24},"end":{"line":186,"column":3}},"line":176},"35":{"name":"(anonymous_35)","decl":{"start":{"line":178,"column":14},"end":{"line":178,"column":15}},"loc":{"start":{"line":179,"column":8},"end":{"line":183,"column":9}},"line":179}},"branchMap":{"0":{"loc":{"start":{"line":26,"column":10},"end":{"line":26,"column":37}},"type":"binary-expr","locations":[{"start":{"line":26,"column":11},"end":{"line":26,"column":15}},{"start":{"line":26,"column":19},"end":{"line":26,"column":30}},{"start":{"line":26,"column":35},"end":{"line":26,"column":37}}],"line":26},"1":{"loc":{"start":{"line":43,"column":2},"end":{"line":73,"column":3}},"type":"if","locations":[{"start":{"line":43,"column":2},"end":{"line":73,"column":3}},{"start":{"line":43,"column":2},"end":{"line":73,"column":3}}],"line":43},"2":{"loc":{"start":{"line":80,"column":4},"end":{"line":80,"column":63}},"type":"binary-expr","locations":[{"start":{"line":80,"column":4},"end":{"line":80,"column":36}},{"start":{"line":80,"column":40},"end":{"line":80,"column":63}}],"line":80},"3":{"loc":{"start":{"line":81,"column":23},"end":{"line":81,"column":59}},"type":"binary-expr","locations":[{"start":{"line":81,"column":23},"end":{"line":81,"column":53}},{"start":{"line":81,"column":57},"end":{"line":81,"column":59}}],"line":81},"4":{"loc":{"start":{"line":82,"column":23},"end":{"line":82,"column":68}},"type":"binary-expr","locations":[{"start":{"line":82,"column":23},"end":{"line":82,"column":53}},{"start":{"line":82,"column":57},"end":{"line":82,"column":68}}],"line":82},"5":{"loc":{"start":{"line":83,"column":19},"end":{"line":83,"column":67}},"type":"cond-expr","locations":[{"start":{"line":83,"column":29},"end":{"line":83,"column":57}},{"start":{"line":83,"column":60},"end":{"line":83,"column":67}}],"line":83},"6":{"loc":{"start":{"line":111,"column":4},"end":{"line":162,"column":5}},"type":"if","locations":[{"start":{"line":111,"column":4},"end":{"line":162,"column":5}},{"start":{"line":111,"column":4},"end":{"line":162,"column":5}}],"line":111},"7":{"loc":{"start":{"line":117,"column":10},"end":{"line":118,"column":69}},"type":"binary-expr","locations":[{"start":{"line":117,"column":10},"end":{"line":117,"column":21}},{"start":{"line":118,"column":10},"end":{"line":118,"column":69}}],"line":117},"8":{"loc":{"start":{"line":140,"column":29},"end":{"line":142,"column":26}},"type":"cond-expr","locations":[{"start":{"line":141,"column":14},"end":{"line":141,"column":58}},{"start":{"line":142,"column":14},"end":{"line":142,"column":26}}],"line":140},"9":{"loc":{"start":{"line":157,"column":25},"end":{"line":159,"column":23}},"type":"cond-expr","locations":[{"start":{"line":158,"column":10},"end":{"line":158,"column":55}},{"start":{"line":159,"column":10},"end":{"line":159,"column":23}}],"line":157},"10":{"loc":{"start":{"line":168,"column":6},"end":{"line":171,"column":7}},"type":"if","locations":[{"start":{"line":168,"column":6},"end":{"line":171,"column":7}},{"start":{"line":168,"column":6},"end":{"line":171,"column":7}}],"line":168},"11":{"loc":{"start":{"line":168,"column":10},"end":{"line":168,"column":61}},"type":"binary-expr","locations":[{"start":{"line":168,"column":10},"end":{"line":168,"column":29}},{"start":{"line":168,"column":33},"end":{"line":168,"column":61}}],"line":168},"12":{"loc":{"start":{"line":177,"column":4},"end":{"line":185,"column":5}},"type":"if","locations":[{"start":{"line":177,"column":4},"end":{"line":185,"column":5}},{"start":{"line":177,"column":4},"end":{"line":185,"column":5}}],"line":177},"13":{"loc":{"start":{"line":177,"column":8},"end":{"line":177,"column":72}},"type":"binary-expr","locations":[{"start":{"line":177,"column":8},"end":{"line":177,"column":33}},{"start":{"line":177,"column":37},"end":{"line":177,"column":72}}],"line":177}},"s":{"0":0,"1":0,"2":0,"3":0,"4":0,"5":0,"6":0,"7":0,"8":0,"9":0,"10":0,"11":0,"12":0,"13":0,"14":0,"15":0,"16":0,"17":0,"18":0,"19":0,"20":0,"21":0,"22":0,"23":0,"24":0,"25":0,"26":0,"27":0,"28":0,"29":0,"30":0,"31":0,"32":0,"33":0,"34":0,"35":0,"36":0,"37":0,"38":0,"39":0,"40":0,"41":0,"42":0,"43":0,"44":0,"45":0,"46":0,"47":0,"48":0,"49":0,"50":0,"51":0,"52":0,"53":0,"54":0,"55":0,"56":0,"57":0,"58":0,"59":0,"60":0,"61":0,"62":0,"63":0,"64":0,"65":0,"66":0,"67":0,"68":0,"69":0,"70":0,"71":0,"72":0,"73":0,"74":0,"75":0,"76":0,"77":0,"78":0,"79":0,"80":0,"81":0,"82":0},"f":{"0":0,"1":0,"2":0,"3":0,"4":0,"5":0,"6":0,"7":0,"8":0,"9":0,"10":0,"11":0,"12":0,"13":0,"14":0,"15":0,"16":0,"17":0,"18":0,"19":0,"20":0,"21":0,"22":0,"23":0,"24":0,"25":0,"26":0,"27":0,"28":0,"29":0,"30":0,"31":0,"32":0,"33":0,"34":0,"35":0},"b":{"0":[0,0,0],"1":[0,0],"2":[0,0],"3":[0,0],"4":[0,0],"5":[0,0],"6":[0,0],"7":[0,0],"8":[0,0],"9":[0,0],"10":[0,0],"11":[0,0],"12":[0,0],"13":[0,0]}}
,"D:\\GIT\\PERSONAL\\JS-BDD-Cypress-Allure-Framework\\lib\\createTestsFromFeature.js": {"path":"D:\\GIT\\PERSONAL\\JS-BDD-Cypress-Allure-Framework\\lib\\createTestsFromFeature.js","statementMap":{"0":{"start":{"line":1,"column":34},"end":{"line":1,"column":77}},"1":{"start":{"line":2,"column":36},"end":{"line":2,"column":71}},"2":{"start":{"line":3,"column":49},"end":{"line":3,"column":72}},"3":{"start":{"line":5,"column":31},"end":{"line":44,"column":1}},"4":{"start":{"line":6,"column":20},"end":{"line":6,"column":61}},"5":{"start":{"line":7,"column":22},"end":{"line":7,"column":44}},"6":{"start":{"line":8,"column":21},"end":{"line":8,"column":35}},"7":{"start":{"line":10,"column":4},"end":{"line":12,"column":16}},"8":{"start":{"line":11,"column":19},"end":{"line":11,"column":80}},"9":{"start":{"line":11,"column":60},"end":{"line":11,"column":79}},"10":{"start":{"line":13,"column":28},"end":{"line":15,"column":3}},"11":{"start":{"line":14,"column":17},"end":{"line":14,"column":46}},"12":{"start":{"line":16,"column":23},"end":{"line":18,"column":3}},"13":{"start":{"line":17,"column":17},"end":{"line":17,"column":46}},"14":{"start":{"line":21,"column":2},"end":{"line":24,"column":5}},"15":{"start":{"line":23,"column":4},"end":{"line":23,"column":52}},"16":{"start":{"line":26,"column":25},"end":{"line":36,"column":4}},"17":{"start":{"line":30,"column":4},"end":{"line":34,"column":5}},"18":{"start":{"line":31,"column":6},"end":{"line":31,"column":64}},"19":{"start":{"line":31,"column":43},"end":{"line":31,"column":62}},"20":{"start":{"line":33,"column":6},"end":{"line":33,"column":72}},"21":{"start":{"line":35,"column":4},"end":{"line":35,"column":21}},"22":{"start":{"line":39,"column":2},"end":{"line":42,"column":5}},"23":{"start":{"line":41,"column":4},"end":{"line":41,"column":29}},"24":{"start":{"line":43,"column":2},"end":{"line":43,"column":70}},"25":{"start":{"line":46,"column":0},"end":{"line":48,"column":2}}},"fnMap":{"0":{"name":"(anonymous_0)","decl":{"start":{"line":5,"column":31},"end":{"line":5,"column":32}},"loc":{"start":{"line":5,"column":51},"end":{"line":44,"column":1}},"line":5},"1":{"name":"(anonymous_1)","decl":{"start":{"line":11,"column":6},"end":{"line":11,"column":7}},"loc":{"start":{"line":11,"column":19},"end":{"line":11,"column":80}},"line":11},"2":{"name":"(anonymous_2)","decl":{"start":{"line":11,"column":53},"end":{"line":11,"column":54}},"loc":{"start":{"line":11,"column":60},"end":{"line":11,"column":79}},"line":11},"3":{"name":"(anonymous_3)","decl":{"start":{"line":14,"column":4},"end":{"line":14,"column":5}},"loc":{"start":{"line":14,"column":17},"end":{"line":14,"column":46}},"line":14},"4":{"name":"(anonymous_4)","decl":{"start":{"line":17,"column":4},"end":{"line":17,"column":5}},"loc":{"start":{"line":17,"column":17},"end":{"line":17,"column":46}},"line":17},"5":{"name":"(anonymous_5)","decl":{"start":{"line":21,"column":23},"end":{"line":21,"column":24}},"loc":{"start":{"line":21,"column":36},"end":{"line":24,"column":3}},"line":21},"6":{"name":"(anonymous_6)","decl":{"start":{"line":26,"column":45},"end":{"line":26,"column":46}},"loc":{"start":{"line":26,"column":58},"end":{"line":36,"column":3}},"line":26},"7":{"name":"(anonymous_7)","decl":{"start":{"line":31,"column":36},"end":{"line":31,"column":37}},"loc":{"start":{"line":31,"column":43},"end":{"line":31,"column":62}},"line":31},"8":{"name":"(anonymous_8)","decl":{"start":{"line":39,"column":25},"end":{"line":39,"column":26}},"loc":{"start":{"line":39,"column":38},"end":{"line":42,"column":3}},"line":39}},"branchMap":{"0":{"loc":{"start":{"line":11,"column":19},"end":{"line":11,"column":80}},"type":"binary-expr","locations":[{"start":{"line":11,"column":19},"end":{"line":11,"column":31}},{"start":{"line":11,"column":35},"end":{"line":11,"column":80}}],"line":11},"1":{"loc":{"start":{"line":30,"column":4},"end":{"line":34,"column":5}},"type":"if","locations":[{"start":{"line":30,"column":4},"end":{"line":34,"column":5}},{"start":{"line":30,"column":4},"end":{"line":34,"column":5}}],"line":30},"2":{"loc":{"start":{"line":30,"column":8},"end":{"line":30,"column":33}},"type":"binary-expr","locations":[{"start":{"line":30,"column":8},"end":{"line":30,"column":19}},{"start":{"line":30,"column":23},"end":{"line":30,"column":33}}],"line":30},"3":{"loc":{"start":{"line":33,"column":18},"end":{"line":33,"column":71}},"type":"binary-expr","locations":[{"start":{"line":33,"column":18},"end":{"line":33,"column":29}},{"start":{"line":33,"column":33},"end":{"line":33,"column":71}}],"line":33}},"s":{"0":0,"1":0,"2":0,"3":0,"4":0,"5":0,"6":0,"7":0,"8":0,"9":0,"10":0,"11":0,"12":0,"13":0,"14":0,"15":0,"16":0,"17":0,"18":0,"19":0,"20":0,"21":0,"22":0,"23":0,"24":0,"25":0},"f":{"0":0,"1":0,"2":0,"3":0,"4":0,"5":0,"6":0,"7":0,"8":0},"b":{"0":[0,0],"1":[0,0],"2":[0,0],"3":[0,0]}}
,"D:\\GIT\\PERSONAL\\JS-BDD-Cypress-Allure-Framework\\lib\\cucumberTemplate.js": {"path":"D:\\GIT\\PERSONAL\\JS-BDD-Cypress-Allure-Framework\\lib\\cucumberTemplate.js","statementMap":{"0":{"start":{"line":1,"column":13},"end":{"line":1,"column":28}},"1":{"start":{"line":2,"column":11},"end":{"line":2,"column":24}},"2":{"start":{"line":4,"column":19},"end":{"line":11,"column":1}},"3":{"start":{"line":5,"column":2},"end":{"line":9,"column":3}},"4":{"start":{"line":6,"column":4},"end":{"line":8,"column":30}},"5":{"start":{"line":10,"column":2},"end":{"line":10,"column":32}},"6":{"start":{"line":13,"column":0},"end":{"line":36,"column":2}}},"fnMap":{"0":{"name":"(anonymous_0)","decl":{"start":{"line":4,"column":19},"end":{"line":4,"column":20}},"loc":{"start":{"line":4,"column":29},"end":{"line":11,"column":1}},"line":4}},"branchMap":{"0":{"loc":{"start":{"line":5,"column":2},"end":{"line":9,"column":3}},"type":"if","locations":[{"start":{"line":5,"column":2},"end":{"line":9,"column":3}},{"start":{"line":5,"column":2},"end":{"line":9,"column":3}}],"line":5}},"s":{"0":0,"1":0,"2":0,"3":0,"4":0,"5":0,"6":0},"f":{"0":0},"b":{"0":[0,0]}}
,"D:\\GIT\\PERSONAL\\JS-BDD-Cypress-Allure-Framework\\lib\\cypressExecutionInstance.js": {"path":"D:\\GIT\\PERSONAL\\JS-BDD-Cypress-Allure-Framework\\lib\\cypressExecutionInstance.js","statementMap":{},"fnMap":{},"branchMap":{},"s":{},"f":{},"b":{}}
,"D:\\GIT\\PERSONAL\\JS-BDD-Cypress-Allure-Framework\\lib\\cypressTagsHelpers.js": {"path":"D:\\GIT\\PERSONAL\\JS-BDD-Cypress-Allure-Framework\\lib\\cypressTagsHelpers.js","statementMap":{"0":{"start":{"line":1,"column":17},"end":{"line":1,"column":36}},"1":{"start":{"line":2,"column":14},"end":{"line":2,"column":30}},"2":{"start":{"line":4,"column":23},"end":{"line":7,"column":1}},"3":{"start":{"line":10,"column":18},"end":{"line":10,"column":33}},"4":{"start":{"line":11,"column":22},"end":{"line":11,"column":43}},"5":{"start":{"line":13,"column":23},"end":{"line":13,"column":44}},"6":{"start":{"line":15,"column":4},"end":{"line":22,"column":10}},"7":{"start":{"line":17,"column":33},"end":{"line":17,"column":52}},"8":{"start":{"line":19,"column":12},"end":{"line":19,"column":73}},"9":{"start":{"line":19,"column":43},"end":{"line":19,"column":72}},"10":{"start":{"line":24,"column":2},"end":{"line":30,"column":4}},"11":{"start":{"line":36,"column":21},"end":{"line":38,"column":49}},"12":{"start":{"line":38,"column":19},"end":{"line":38,"column":48}},"13":{"start":{"line":43,"column":19},"end":{"line":45,"column":8}},"14":{"start":{"line":47,"column":2},"end":{"line":47,"column":51}},"15":{"start":{"line":51,"column":15},"end":{"line":51,"column":62}},"16":{"start":{"line":52,"column":2},"end":{"line":52,"column":53}},"17":{"start":{"line":55,"column":0},"end":{"line":59,"column":2}}},"fnMap":{"0":{"name":"stripCLIArguments","decl":{"start":{"line":9,"column":9},"end":{"line":9,"column":26}},"loc":{"start":{"line":9,"column":46},"end":{"line":31,"column":1}},"line":9},"1":{"name":"(anonymous_1)","decl":{"start":{"line":17,"column":15},"end":{"line":17,"column":16}},"loc":{"start":{"line":17,"column":33},"end":{"line":17,"column":52}},"line":17},"2":{"name":"(anonymous_2)","decl":{"start":{"line":18,"column":18},"end":{"line":18,"column":19}},"loc":{"start":{"line":19,"column":12},"end":{"line":19,"column":73}},"line":19},"3":{"name":"(anonymous_3)","decl":{"start":{"line":19,"column":31},"end":{"line":19,"column":32}},"loc":{"start":{"line":19,"column":43},"end":{"line":19,"column":72}},"line":19},"4":{"name":"parseArgsOrDefault","decl":{"start":{"line":35,"column":9},"end":{"line":35,"column":27}},"loc":{"start":{"line":35,"column":53},"end":{"line":48,"column":1}},"line":35},"5":{"name":"(anonymous_5)","decl":{"start":{"line":38,"column":10},"end":{"line":38,"column":11}},"loc":{"start":{"line":38,"column":19},"end":{"line":38,"column":48}},"line":38},"6":{"name":"getGlobArg","decl":{"start":{"line":50,"column":9},"end":{"line":50,"column":19}},"loc":{"start":{"line":50,"column":22},"end":{"line":53,"column":1}},"line":50}},"branchMap":{"0":{"loc":{"start":{"line":9,"column":27},"end":{"line":9,"column":44}},"type":"default-arg","locations":[{"start":{"line":9,"column":42},"end":{"line":9,"column":44}}],"line":9},"1":{"loc":{"start":{"line":15,"column":4},"end":{"line":22,"column":10}},"type":"cond-expr","locations":[{"start":{"line":16,"column":8},"end":{"line":21,"column":17}},{"start":{"line":22,"column":8},"end":{"line":22,"column":10}}],"line":15},"2":{"loc":{"start":{"line":43,"column":19},"end":{"line":45,"column":8}},"type":"cond-expr","locations":[{"start":{"line":44,"column":6},"end":{"line":44,"column":78}},{"start":{"line":45,"column":6},"end":{"line":45,"column":8}}],"line":43},"3":{"loc":{"start":{"line":47,"column":9},"end":{"line":47,"column":50}},"type":"cond-expr","locations":[{"start":{"line":47,"column":27},"end":{"line":47,"column":35}},{"start":{"line":47,"column":38},"end":{"line":47,"column":50}}],"line":47},"4":{"loc":{"start":{"line":52,"column":9},"end":{"line":52,"column":52}},"type":"binary-expr","locations":[{"start":{"line":52,"column":9},"end":{"line":52,"column":15}},{"start":{"line":52,"column":19},"end":{"line":52,"column":52}}],"line":52}},"s":{"0":0,"1":0,"2":0,"3":0,"4":0,"5":0,"6":0,"7":0,"8":0,"9":0,"10":0,"11":0,"12":0,"13":0,"14":0,"15":0,"16":0,"17":0},"f":{"0":0,"1":0,"2":0,"3":0,"4":0,"5":0,"6":0},"b":{"0":[0],"1":[0,0],"2":[0,0],"3":[0,0],"4":[0,0]}}
,"D:\\GIT\\PERSONAL\\JS-BDD-Cypress-Allure-Framework\\lib\\featuresLoader.js": {"path":"D:\\GIT\\PERSONAL\\JS-BDD-Cypress-Allure-Framework\\lib\\featuresLoader.js","statementMap":{"0":{"start":{"line":1,"column":13},"end":{"line":1,"column":28}},"1":{"start":{"line":2,"column":13},"end":{"line":2,"column":28}},"2":{"start":{"line":3,"column":11},"end":{"line":3,"column":24}},"3":{"start":{"line":4,"column":19},"end":{"line":4,"column":37}},"4":{"start":{"line":5,"column":12},"end":{"line":5,"column":48}},"5":{"start":{"line":6,"column":23},"end":{"line":6,"column":50}},"6":{"start":{"line":8,"column":36},"end":{"line":8,"column":72}},"7":{"start":{"line":9,"column":29},"end":{"line":9,"column":58}},"8":{"start":{"line":10,"column":34},"end":{"line":10,"column":68}},"9":{"start":{"line":13,"column":4},"end":{"line":13,"column":47}},"10":{"start":{"line":15,"column":23},"end":{"line":73,"column":3}},"11":{"start":{"line":21,"column":2},"end":{"line":73,"column":3}},"12":{"start":{"line":56,"column":36},"end":{"line":70,"column":9}},"13":{"start":{"line":62,"column":33},"end":{"line":62,"column":52}},"14":{"start":{"line":76,"column":0},"end":{"line":123,"column":2}},"15":{"start":{"line":77,"column":2},"end":{"line":77,"column":29}},"16":{"start":{"line":79,"column":19},"end":{"line":79,"column":70}},"17":{"start":{"line":81,"column":39},"end":{"line":81,"column":41}},"18":{"start":{"line":84,"column":2},"end":{"line":105,"column":3}},"19":{"start":{"line":85,"column":4},"end":{"line":90,"column":8}},"20":{"start":{"line":85,"column":71},"end":{"line":90,"column":5}},"21":{"start":{"line":88,"column":10},"end":{"line":88,"column":97}},"22":{"start":{"line":92,"column":4},"end":{"line":104,"column":6}},"23":{"start":{"line":96,"column":12},"end":{"line":100,"column":13}},"24":{"start":{"line":98,"column":28},"end":{"line":98,"column":50}},"25":{"start":{"line":107,"column":16},"end":{"line":115,"column":7}},"26":{"start":{"line":108,"column":27},"end":{"line":111,"column":5}},"27":{"start":{"line":112,"column":23},"end":{"line":115,"column":5}},"28":{"start":{"line":117,"column":2},"end":{"line":122,"column":4}}},"fnMap":{"0":{"name":"(anonymous_0)","decl":{"start":{"line":15,"column":23},"end":{"line":15,"column":24}},"loc":{"start":{"line":21,"column":2},"end":{"line":73,"column":3}},"line":21},"1":{"name":"(anonymous_1)","decl":{"start":{"line":56,"column":6},"end":{"line":56,"column":7}},"loc":{"start":{"line":56,"column":36},"end":{"line":70,"column":9}},"line":56},"2":{"name":"(anonymous_2)","decl":{"start":{"line":62,"column":18},"end":{"line":62,"column":19}},"loc":{"start":{"line":62,"column":33},"end":{"line":62,"column":52}},"line":62},"3":{"name":"(anonymous_3)","decl":{"start":{"line":76,"column":17},"end":{"line":76,"column":18}},"loc":{"start":{"line":76,"column":60},"end":{"line":123,"column":1}},"line":76},"4":{"name":"(anonymous_4)","decl":{"start":{"line":85,"column":53},"end":{"line":85,"column":54}},"loc":{"start":{"line":85,"column":71},"end":{"line":90,"column":5}},"line":85},"5":{"name":"(anonymous_5)","decl":{"start":{"line":87,"column":8},"end":{"line":87,"column":9}},"loc":{"start":{"line":88,"column":10},"end":{"line":88,"column":97}},"line":88},"6":{"name":"(anonymous_6)","decl":{"start":{"line":95,"column":10},"end":{"line":95,"column":11}},"loc":{"start":{"line":96,"column":12},"end":{"line":100,"column":13}},"line":96},"7":{"name":"(anonymous_7)","decl":{"start":{"line":98,"column":16},"end":{"line":98,"column":17}},"loc":{"start":{"line":98,"column":28},"end":{"line":98,"column":50}},"line":98},"8":{"name":"(anonymous_8)","decl":{"start":{"line":108,"column":9},"end":{"line":108,"column":10}},"loc":{"start":{"line":108,"column":27},"end":{"line":111,"column":5}},"line":108},"9":{"name":"(anonymous_9)","decl":{"start":{"line":112,"column":9},"end":{"line":112,"column":10}},"loc":{"start":{"line":112,"column":23},"end":{"line":115,"column":5}},"line":112}},"branchMap":{"0":{"loc":{"start":{"line":60,"column":10},"end":{"line":63,"column":33}},"type":"binary-expr","locations":[{"start":{"line":60,"column":10},"end":{"line":60,"column":28}},{"start":{"line":61,"column":10},"end":{"line":63,"column":33}}],"line":60},"1":{"loc":{"start":{"line":76,"column":30},"end":{"line":76,"column":58}},"type":"default-arg","locations":[{"start":{"line":76,"column":41},"end":{"line":76,"column":58}}],"line":76},"2":{"loc":{"start":{"line":84,"column":2},"end":{"line":105,"column":3}},"type":"if","locations":[{"start":{"line":84,"column":2},"end":{"line":105,"column":3}},{"start":{"line":84,"column":2},"end":{"line":105,"column":3}}],"line":84}},"s":{"0":0,"1":0,"2":0,"3":0,"4":0,"5":0,"6":0,"7":0,"8":0,"9":0,"10":0,"11":0,"12":0,"13":0,"14":0,"15":0,"16":0,"17":0,"18":0,"19":0,"20":0,"21":0,"22":0,"23":0,"24":0,"25":0,"26":0,"27":0,"28":0},"f":{"0":0,"1":0,"2":0,"3":0,"4":0,"5":0,"6":0,"7":0,"8":0,"9":0},"b":{"0":[0,0],"1":[0],"2":[0,0]}}
,"D:\\GIT\\PERSONAL\\JS-BDD-Cypress-Allure-Framework\\lib\\getConfig.js": {"path":"D:\\GIT\\PERSONAL\\JS-BDD-Cypress-Allure-Framework\\lib\\getConfig.js","statementMap":{"0":{"start":{"line":1,"column":20},"end":{"line":1,"column":42}},"1":{"start":{"line":5,"column":0},"end":{"line":15,"column":2}},"2":{"start":{"line":6,"column":2},"end":{"line":11,"column":3}},"3":{"start":{"line":7,"column":4},"end":{"line":10,"column":7}},"4":{"start":{"line":13,"column":17},"end":{"line":13,"column":32}},"5":{"start":{"line":14,"column":2},"end":{"line":14,"column":33}}},"fnMap":{"0":{"name":"(anonymous_0)","decl":{"start":{"line":5,"column":20},"end":{"line":5,"column":21}},"loc":{"start":{"line":5,"column":26},"end":{"line":15,"column":1}},"line":5}},"branchMap":{"0":{"loc":{"start":{"line":6,"column":2},"end":{"line":11,"column":3}},"type":"if","locations":[{"start":{"line":6,"column":2},"end":{"line":11,"column":3}},{"start":{"line":6,"column":2},"end":{"line":11,"column":3}}],"line":6},"1":{"loc":{"start":{"line":14,"column":9},"end":{"line":14,"column":32}},"type":"binary-expr","locations":[{"start":{"line":14,"column":9},"end":{"line":14,"column":15}},{"start":{"line":14,"column":19},"end":{"line":14,"column":32}}],"line":14}},"s":{"0":0,"1":0,"2":0,"3":0,"4":0,"5":0},"f":{"0":0},"b":{"0":[0,0],"1":[0,0]}}
,"D:\\GIT\\PERSONAL\\JS-BDD-Cypress-Allure-Framework\\lib\\getCucumberJsonConfig.js": {"path":"D:\\GIT\\PERSONAL\\JS-BDD-Cypress-Allure-Framework\\lib\\getCucumberJsonConfig.js","statementMap":{"0":{"start":{"line":1,"column":12},"end":{"line":1,"column":48}},"1":{"start":{"line":2,"column":22},"end":{"line":2,"column":44}},"2":{"start":{"line":4,"column":0},"end":{"line":11,"column":2}},"3":{"start":{"line":5,"column":17},"end":{"line":5,"column":28}},"4":{"start":{"line":7,"column":4},"end":{"line":7,"column":77}},"5":{"start":{"line":8,"column":2},"end":{"line":8,"column":53}},"6":{"start":{"line":10,"column":2},"end":{"line":10,"column":22}}},"fnMap":{"0":{"name":"(anonymous_0)","decl":{"start":{"line":4,"column":32},"end":{"line":4,"column":33}},"loc":{"start":{"line":4,"column":38},"end":{"line":11,"column":1}},"line":4}},"branchMap":{"0":{"loc":{"start":{"line":7,"column":4},"end":{"line":7,"column":77}},"type":"cond-expr","locations":[{"start":{"line":7,"column":36},"end":{"line":7,"column":55}},{"start":{"line":7,"column":58},"end":{"line":7,"column":77}}],"line":7},"1":{"loc":{"start":{"line":7,"column":4},"end":{"line":7,"column":33}},"type":"binary-expr","locations":[{"start":{"line":7,"column":4},"end":{"line":7,"column":10}},{"start":{"line":7,"column":14},"end":{"line":7,"column":33}}],"line":7}},"s":{"0":0,"1":0,"2":0,"3":0,"4":0,"5":0,"6":0},"f":{"0":0},"b":{"0":[0,0],"1":[0,0]}}
,"D:\\GIT\\PERSONAL\\JS-BDD-Cypress-Allure-Framework\\lib\\getStepDefinitionPathsFrom.js": {"path":"D:\\GIT\\PERSONAL\\JS-BDD-Cypress-Allure-Framework\\lib\\getStepDefinitionPathsFrom.js","statementMap":{"0":{"start":{"line":1,"column":13},"end":{"line":1,"column":28}},"1":{"start":{"line":3,"column":0},"end":{"line":6,"column":2}},"2":{"start":{"line":5,"column":4},"end":{"line":5,"column":48}}},"fnMap":{"0":{"name":"(anonymous_0)","decl":{"start":{"line":4,"column":30},"end":{"line":4,"column":31}},"loc":{"start":{"line":5,"column":4},"end":{"line":5,"column":48}},"line":5}},"branchMap":{},"s":{"0":0,"1":0,"2":0},"f":{"0":0},"b":{}}
,"D:\\GIT\\PERSONAL\\JS-BDD-Cypress-Allure-Framework\\lib\\getStepDefinitionsPaths.js": {"path":"D:\\GIT\\PERSONAL\\JS-BDD-Cypress-Allure-Framework\\lib\\getStepDefinitionsPaths.js","statementMap":{"0":{"start":{"line":1,"column":13},"end":{"line":1,"column":28}},"1":{"start":{"line":2,"column":13},"end":{"line":2,"column":28}},"2":{"start":{"line":3,"column":16},"end":{"line":3,"column":34}},"3":{"start":{"line":4,"column":22},"end":{"line":4,"column":44}},"4":{"start":{"line":5,"column":27},"end":{"line":5,"column":58}},"5":{"start":{"line":6,"column":39},"end":{"line":6,"column":78}},"6":{"start":{"line":8,"column":32},"end":{"line":38,"column":1}},"7":{"start":{"line":9,"column":18},"end":{"line":9,"column":31}},"8":{"start":{"line":10,"column":14},"end":{"line":10,"column":16}},"9":{"start":{"line":11,"column":17},"end":{"line":11,"column":28}},"10":{"start":{"line":12,"column":2},"end":{"line":36,"column":3}},"11":{"start":{"line":13,"column":24},"end":{"line":13,"column":60}},"12":{"start":{"line":14,"column":21},"end":{"line":14,"column":75}},"13":{"start":{"line":16,"column":4},"end":{"line":18,"column":5}},"14":{"start":{"line":17,"column":6},"end":{"line":17,"column":59}},"15":{"start":{"line":20,"column":4},"end":{"line":24,"column":5}},"16":{"start":{"line":21,"column":23},"end":{"line":21,"column":66}},"17":{"start":{"line":22,"column":6},"end":{"line":22,"column":76}},"18":{"start":{"line":23,"column":6},"end":{"line":23,"column":67}},"19":{"start":{"line":26,"column":29},"end":{"line":26,"column":65}},"20":{"start":{"line":28,"column":37},"end":{"line":28,"column":69}},"21":{"start":{"line":29,"column":4},"end":{"line":32,"column":6}},"22":{"start":{"line":34,"column":20},"end":{"line":34,"column":63}},"23":{"start":{"line":35,"column":4},"end":{"line":35,"column":45}},"24":{"start":{"line":37,"column":2},"end":{"line":37,"column":15}},"25":{"start":{"line":40,"column":0},"end":{"line":40,"column":45}}},"fnMap":{"0":{"name":"(anonymous_0)","decl":{"start":{"line":8,"column":32},"end":{"line":8,"column":33}},"loc":{"start":{"line":8,"column":46},"end":{"line":38,"column":1}},"line":8}},"branchMap":{"0":{"loc":{"start":{"line":12,"column":2},"end":{"line":36,"column":3}},"type":"if","locations":[{"start":{"line":12,"column":2},"end":{"line":36,"column":3}},{"start":{"line":12,"column":2},"end":{"line":36,"column":3}}],"line":12},"1":{"loc":{"start":{"line":12,"column":6},"end":{"line":12,"column":47}},"type":"binary-expr","locations":[{"start":{"line":12,"column":6},"end":{"line":12,"column":12}},{"start":{"line":12,"column":16},"end":{"line":12,"column":47}}],"line":12},"2":{"loc":{"start":{"line":14,"column":21},"end":{"line":14,"column":75}},"type":"binary-expr","locations":[{"start":{"line":14,"column":21},"end":{"line":14,"column":38}},{"start":{"line":14,"column":42},"end":{"line":14,"column":75}}],"line":14},"3":{"loc":{"start":{"line":16,"column":4},"end":{"line":18,"column":5}},"type":"if","locations":[{"start":{"line":16,"column":4},"end":{"line":18,"column":5}},{"start":{"line":16,"column":4},"end":{"line":18,"column":5}}],"line":16},"4":{"loc":{"start":{"line":20,"column":4},"end":{"line":24,"column":5}},"type":"if","locations":[{"start":{"line":20,"column":4},"end":{"line":24,"column":5}},{"start":{"line":20,"column":4},"end":{"line":24,"column":5}}],"line":20},"5":{"loc":{"start":{"line":23,"column":34},"end":{"line":23,"column":64}},"type":"binary-expr","locations":[{"start":{"line":23,"column":34},"end":{"line":23,"column":51}},{"start":{"line":23,"column":55},"end":{"line":23,"column":64}}],"line":23}},"s":{"0":0,"1":0,"2":0,"3":0,"4":0,"5":0,"6":0,"7":0,"8":0,"9":0,"10":0,"11":0,"12":0,"13":0,"14":0,"15":0,"16":0,"17":0,"18":0,"19":0,"20":0,"21":0,"22":0,"23":0,"24":0,"25":0},"f":{"0":0},"b":{"0":[0,0],"1":[0,0],"2":[0,0],"3":[0,0],"4":[0,0],"5":[0,0]}}
,"D:\\GIT\\PERSONAL\\JS-BDD-Cypress-Allure-Framework\\lib\\hookRegistry.js": {"path":"D:\\GIT\\PERSONAL\\JS-BDD-Cypress-Allure-Framework\\lib\\hookRegistry.js","statementMap":{"0":{"start":{"line":1,"column":37},"end":{"line":1,"column":60}},"1":{"start":{"line":5,"column":4},"end":{"line":5,"column":26}},"2":{"start":{"line":6,"column":4},"end":{"line":6,"column":22}},"3":{"start":{"line":8,"column":4},"end":{"line":14,"column":6}},"4":{"start":{"line":9,"column":6},"end":{"line":13,"column":9}},"5":{"start":{"line":16,"column":4},"end":{"line":24,"column":8}},"6":{"start":{"line":17,"column":6},"end":{"line":24,"column":7}},"7":{"start":{"line":19,"column":10},"end":{"line":23,"column":53}},"8":{"start":{"line":27,"column":0},"end":{"line":27,"column":36}}},"fnMap":{"0":{"name":"(anonymous_0)","decl":{"start":{"line":4,"column":2},"end":{"line":4,"column":3}},"loc":{"start":{"line":4,"column":16},"end":{"line":25,"column":3}},"line":4},"1":{"name":"(anonymous_1)","decl":{"start":{"line":8,"column":19},"end":{"line":8,"column":20}},"loc":{"start":{"line":8,"column":45},"end":{"line":14,"column":5}},"line":8},"2":{"name":"(anonymous_2)","decl":{"start":{"line":16,"column":19},"end":{"line":16,"column":20}},"loc":{"start":{"line":17,"column":6},"end":{"line":24,"column":7}},"line":17},"3":{"name":"(anonymous_3)","decl":{"start":{"line":18,"column":8},"end":{"line":18,"column":9}},"loc":{"start":{"line":19,"column":10},"end":{"line":23,"column":53}},"line":19}},"branchMap":{"0":{"loc":{"start":{"line":12,"column":21},"end":{"line":12,"column":74}},"type":"binary-expr","locations":[{"start":{"line":12,"column":21},"end":{"line":12,"column":46}},{"start":{"line":12,"column":50},"end":{"line":12,"column":74}}],"line":12},"1":{"loc":{"start":{"line":19,"column":10},"end":{"line":23,"column":53}},"type":"binary-expr","locations":[{"start":{"line":19,"column":11},"end":{"line":19,"column":16}},{"start":{"line":20,"column":12},"end":{"line":20,"column":29}},{"start":{"line":21,"column":12},"end":{"line":21,"column":56}},{"start":{"line":22,"column":11},"end":{"line":22,"column":45}},{"start":{"line":23,"column":12},"end":{"line":23,"column":52}}],"line":19}},"s":{"0":0,"1":0,"2":0,"3":0,"4":0,"5":0,"6":0,"7":0,"8":0},"f":{"0":0,"1":0,"2":0,"3":0},"b":{"0":[0,0],"1":[0,0,0,0,0]}}
,"D:\\GIT\\PERSONAL\\JS-BDD-Cypress-Allure-Framework\\lib\\index.js": {"path":"D:\\GIT\\PERSONAL\\JS-BDD-Cypress-Allure-Framework\\lib\\index.js","statementMap":{"0":{"start":{"line":2,"column":11},"end":{"line":2,"column":24}},"1":{"start":{"line":3,"column":16},"end":{"line":3,"column":34}},"2":{"start":{"line":4,"column":19},"end":{"line":4,"column":62}},"3":{"start":{"line":5,"column":12},"end":{"line":5,"column":48}},"4":{"start":{"line":6,"column":17},"end":{"line":6,"column":36}},"5":{"start":{"line":7,"column":16},"end":{"line":7,"column":35}},"6":{"start":{"line":8,"column":24},"end":{"line":8,"column":51}},"7":{"start":{"line":9,"column":27},"end":{"line":9,"column":58}},"8":{"start":{"line":11,"column":18},"end":{"line":32,"column":1}},"9":{"start":{"line":12,"column":13},"end":{"line":12,"column":15}},"10":{"start":{"line":15,"column":4},"end":{"line":15,"column":16}},"11":{"start":{"line":19,"column":4},"end":{"line":27,"column":5}},"12":{"start":{"line":20,"column":6},"end":{"line":20,"column":39}},"13":{"start":{"line":21,"column":6},"end":{"line":21,"column":46}},"14":{"start":{"line":22,"column":11},"end":{"line":27,"column":5}},"15":{"start":{"line":23,"column":6},"end":{"line":23,"column":38}},"16":{"start":{"line":24,"column":6},"end":{"line":24,"column":38}},"17":{"start":{"line":26,"column":6},"end":{"line":26,"column":23}},"18":{"start":{"line":28,"column":4},"end":{"line":28,"column":21}},"19":{"start":{"line":31,"column":2},"end":{"line":31,"column":29}},"20":{"start":{"line":34,"column":14},"end":{"line":36,"column":1}},"21":{"start":{"line":35,"column":2},"end":{"line":35,"column":50}},"22":{"start":{"line":41,"column":20},"end":{"line":61,"column":1}},"23":{"start":{"line":43,"column":2},"end":{"line":52,"column":3}},"24":{"start":{"line":47,"column":4},"end":{"line":47,"column":35}},"25":{"start":{"line":48,"column":9},"end":{"line":52,"column":3}},"26":{"start":{"line":49,"column":4},"end":{"line":49,"column":75}},"27":{"start":{"line":51,"column":4},"end":{"line":51,"column":59}},"28":{"start":{"line":54,"column":2},"end":{"line":60,"column":4}},"29":{"start":{"line":63,"column":21},"end":{"line":92,"column":1}},"30":{"start":{"line":64,"column":2},"end":{"line":66,"column":3}},"31":{"start":{"line":65,"column":4},"end":{"line":65,"column":62}},"32":{"start":{"line":68,"column":25},"end":{"line":68,"column":45}},"33":{"start":{"line":70,"column":2},"end":{"line":91,"column":4}},"34":{"start":{"line":71,"column":4},"end":{"line":89,"column":5}},"35":{"start":{"line":72,"column":6},"end":{"line":74,"column":7}},"36":{"start":{"line":73,"column":8},"end":{"line":73,"column":24}},"37":{"start":{"line":75,"column":6},"end":{"line":88,"column":11}},"38":{"start":{"line":87,"column":10},"end":{"line":87,"column":31}},"39":{"start":{"line":90,"column":4},"end":{"line":90,"column":44}},"40":{"start":{"line":94,"column":0},"end":{"line":97,"column":2}}},"fnMap":{"0":{"name":"(anonymous_0)","decl":{"start":{"line":11,"column":18},"end":{"line":11,"column":19}},"loc":{"start":{"line":11,"column":28},"end":{"line":32,"column":1}},"line":11},"1":{"name":"write","decl":{"start":{"line":14,"column":11},"end":{"line":14,"column":16}},"loc":{"start":{"line":14,"column":22},"end":{"line":16,"column":3}},"line":14},"2":{"name":"end","decl":{"start":{"line":18,"column":11},"end":{"line":18,"column":14}},"loc":{"start":{"line":18,"column":17},"end":{"line":29,"column":3}},"line":18},"3":{"name":"(anonymous_3)","decl":{"start":{"line":34,"column":14},"end":{"line":34,"column":15}},"loc":{"start":{"line":34,"column":28},"end":{"line":36,"column":1}},"line":34},"4":{"name":"(anonymous_4)","decl":{"start":{"line":41,"column":20},"end":{"line":41,"column":21}},"loc":{"start":{"line":41,"column":33},"end":{"line":61,"column":1}},"line":41},"5":{"name":"(anonymous_5)","decl":{"start":{"line":63,"column":21},"end":{"line":63,"column":22}},"loc":{"start":{"line":63,"column":62},"end":{"line":92,"column":1}},"line":63},"6":{"name":"(anonymous_6)","decl":{"start":{"line":70,"column":9},"end":{"line":70,"column":10}},"loc":{"start":{"line":70,"column":25},"end":{"line":91,"column":3}},"line":70},"7":{"name":"(anonymous_7)","decl":{"start":{"line":86,"column":19},"end":{"line":86,"column":20}},"loc":{"start":{"line":86,"column":25},"end":{"line":88,"column":9}},"line":86}},"branchMap":{"0":{"loc":{"start":{"line":19,"column":4},"end":{"line":27,"column":5}},"type":"if","locations":[{"start":{"line":19,"column":4},"end":{"line":27,"column":5}},{"start":{"line":19,"column":4},"end":{"line":27,"column":5}}],"line":19},"1":{"loc":{"start":{"line":22,"column":11},"end":{"line":27,"column":5}},"type":"if","locations":[{"start":{"line":22,"column":11},"end":{"line":27,"column":5}},{"start":{"line":22,"column":11},"end":{"line":27,"column":5}}],"line":22},"2":{"loc":{"start":{"line":43,"column":2},"end":{"line":52,"column":3}},"type":"if","locations":[{"start":{"line":43,"column":2},"end":{"line":52,"column":3}},{"start":{"line":43,"column":2},"end":{"line":52,"column":3}}],"line":43},"3":{"loc":{"start":{"line":44,"column":4},"end":{"line":45,"column":55}},"type":"binary-expr","locations":[{"start":{"line":44,"column":4},"end":{"line":44,"column":30}},{"start":{"line":45,"column":4},"end":{"line":45,"column":55}}],"line":44},"4":{"loc":{"start":{"line":48,"column":9},"end":{"line":52,"column":3}},"type":"if","locations":[{"start":{"line":48,"column":9},"end":{"line":52,"column":3}},{"start":{"line":48,"column":9},"end":{"line":52,"column":3}}],"line":48},"5":{"loc":{"start":{"line":57,"column":10},"end":{"line":57,"column":41}},"type":"binary-expr","locations":[{"start":{"line":57,"column":10},"end":{"line":57,"column":35}},{"start":{"line":57,"column":39},"end":{"line":57,"column":41}}],"line":57},"6":{"loc":{"start":{"line":63,"column":22},"end":{"line":63,"column":57}},"type":"default-arg","locations":[{"start":{"line":63,"column":32},"end":{"line":63,"column":57}}],"line":63},"7":{"loc":{"start":{"line":64,"column":2},"end":{"line":66,"column":3}},"type":"if","locations":[{"start":{"line":64,"column":2},"end":{"line":66,"column":3}},{"start":{"line":64,"column":2},"end":{"line":66,"column":3}}],"line":64},"8":{"loc":{"start":{"line":71,"column":4},"end":{"line":89,"column":5}},"type":"if","locations":[{"start":{"line":71,"column":4},"end":{"line":89,"column":5}},{"start":{"line":71,"column":4},"end":{"line":89,"column":5}}],"line":71},"9":{"loc":{"start":{"line":72,"column":6},"end":{"line":74,"column":7}},"type":"if","locations":[{"start":{"line":72,"column":6},"end":{"line":74,"column":7}},{"start":{"line":72,"column":6},"end":{"line":74,"column":7}}],"line":72}},"s":{"0":0,"1":0,"2":0,"3":0,"4":0,"5":0,"6":0,"7":0,"8":0,"9":0,"10":0,"11":0,"12":0,"13":0,"14":0,"15":0,"16":0,"17":0,"18":0,"19":0,"20":0,"21":0,"22":0,"23":0,"24":0,"25":0,"26":0,"27":0,"28":0,"29":0,"30":0,"31":0,"32":0,"33":0,"34":0,"35":0,"36":0,"37":0,"38":0,"39":0,"40":0},"f":{"0":0,"1":0,"2":0,"3":0,"4":0,"5":0,"6":0,"7":0},"b":{"0":[0,0],"1":[0,0],"2":[0,0],"3":[0,0],"4":[0,0],"5":[0,0],"6":[0],"7":[0,0],"8":[0,0],"9":[0,0]}}
,"D:\\GIT\\PERSONAL\\JS-BDD-Cypress-Allure-Framework\\lib\\isNonGlobalStepDefinitionsMode.js": {"path":"D:\\GIT\\PERSONAL\\JS-BDD-Cypress-Allure-Framework\\lib\\isNonGlobalStepDefinitionsMode.js","statementMap":{"0":{"start":{"line":1,"column":22},"end":{"line":1,"column":44}},"1":{"start":{"line":3,"column":0},"end":{"line":6,"column":2}},"2":{"start":{"line":4,"column":17},"end":{"line":4,"column":28}},"3":{"start":{"line":5,"column":2},"end":{"line":5,"column":51}}},"fnMap":{"0":{"name":"(anonymous_0)","decl":{"start":{"line":3,"column":41},"end":{"line":3,"column":42}},"loc":{"start":{"line":3,"column":47},"end":{"line":6,"column":1}},"line":3}},"branchMap":{"0":{"loc":{"start":{"line":5,"column":9},"end":{"line":5,"column":50}},"type":"binary-expr","locations":[{"start":{"line":5,"column":9},"end":{"line":5,"column":15}},{"start":{"line":5,"column":19},"end":{"line":5,"column":50}}],"line":5}},"s":{"0":0,"1":0,"2":0,"3":0},"f":{"0":0},"b":{"0":[0,0]}}
,"D:\\GIT\\PERSONAL\\JS-BDD-Cypress-Allure-Framework\\lib\\loader.js": {"path":"D:\\GIT\\PERSONAL\\JS-BDD-Cypress-Allure-Framework\\lib\\loader.js","statementMap":{"0":{"start":{"line":1,"column":12},"end":{"line":1,"column":48}},"1":{"start":{"line":2,"column":13},"end":{"line":2,"column":28}},"2":{"start":{"line":3,"column":19},"end":{"line":3,"column":37}},"3":{"start":{"line":4,"column":23},"end":{"line":4,"column":50}},"4":{"start":{"line":5,"column":36},"end":{"line":5,"column":72}},"5":{"start":{"line":6,"column":29},"end":{"line":6,"column":58}},"6":{"start":{"line":7,"column":34},"end":{"line":7,"column":68}},"7":{"start":{"line":11,"column":23},"end":{"line":20,"column":3}},"8":{"start":{"line":12,"column":2},"end":{"line":20,"column":3}},"9":{"start":{"line":23,"column":0},"end":{"line":37,"column":2}},"10":{"start":{"line":24,"column":2},"end":{"line":24,"column":25}},"11":{"start":{"line":25,"column":35},"end":{"line":27,"column":3}},"12":{"start":{"line":26,"column":16},"end":{"line":26,"column":38}},"13":{"start":{"line":29,"column":19},"end":{"line":29,"column":62}},"14":{"start":{"line":30,"column":2},"end":{"line":36,"column":4}}},"fnMap":{"0":{"name":"(anonymous_0)","decl":{"start":{"line":11,"column":23},"end":{"line":11,"column":24}},"loc":{"start":{"line":12,"column":2},"end":{"line":20,"column":3}},"line":12},"1":{"name":"(anonymous_1)","decl":{"start":{"line":23,"column":17},"end":{"line":23,"column":18}},"loc":{"start":{"line":23,"column":63},"end":{"line":37,"column":1}},"line":23},"2":{"name":"(anonymous_2)","decl":{"start":{"line":26,"column":4},"end":{"line":26,"column":5}},"loc":{"start":{"line":26,"column":16},"end":{"line":26,"column":38}},"line":26}},"branchMap":{"0":{"loc":{"start":{"line":23,"column":33},"end":{"line":23,"column":61}},"type":"default-arg","locations":[{"start":{"line":23,"column":44},"end":{"line":23,"column":61}}],"line":23}},"s":{"0":0,"1":0,"2":0,"3":0,"4":0,"5":0,"6":0,"7":0,"8":0,"9":0,"10":0,"11":0,"12":0,"13":0,"14":0},"f":{"0":0,"1":0,"2":0},"b":{"0":[0]}}
,"D:\\GIT\\PERSONAL\\JS-BDD-Cypress-Allure-Framework\\lib\\resolveStepDefinition.js": {"path":"D:\\GIT\\PERSONAL\\JS-BDD-Cypress-Allure-Framework\\lib\\resolveStepDefinition.js","statementMap":{"0":{"start":{"line":1,"column":18},"end":{"line":1,"column":67}},"1":{"start":{"line":4,"column":4},"end":{"line":4,"column":71}},"2":{"start":{"line":9,"column":4},"end":{"line":9,"column":35}},"3":{"start":{"line":11,"column":25},"end":{"line":11,"column":50}},"4":{"start":{"line":15,"column":4},"end":{"line":15,"column":26}},"5":{"start":{"line":16,"column":4},"end":{"line":16,"column":22}},"6":{"start":{"line":17,"column":4},"end":{"line":19,"column":6}},"7":{"start":{"line":21,"column":4},"end":{"line":21,"column":26}},"8":{"start":{"line":22,"column":4},"end":{"line":50,"column":6}},"9":{"start":{"line":26,"column":6},"end":{"line":30,"column":7}},"10":{"start":{"line":27,"column":8},"end":{"line":27,"column":49}},"11":{"start":{"line":29,"column":8},"end":{"line":29,"column":41}},"12":{"start":{"line":32,"column":6},"end":{"line":42,"column":7}},"13":{"start":{"line":33,"column":8},"end":{"line":36,"column":10}},"14":{"start":{"line":38,"column":8},"end":{"line":41,"column":10}},"15":{"start":{"line":44,"column":6},"end":{"line":49,"column":9}},"16":{"start":{"line":52,"column":4},"end":{"line":58,"column":11}},"17":{"start":{"line":53,"column":6},"end":{"line":58,"column":10}},"18":{"start":{"line":55,"column":10},"end":{"line":57,"column":53}},"19":{"start":{"line":62,"column":31},"end":{"line":62,"column":59}},"20":{"start":{"line":63,"column":27},"end":{"line":63,"column":45}},"21":{"start":{"line":64,"column":26},"end":{"line":64,"column":44}},"22":{"start":{"line":67,"column":25},"end":{"line":71,"column":3}},"23":{"start":{"line":72,"column":2},"end":{"line":72,"column":30}},"24":{"start":{"line":76,"column":2},"end":{"line":78,"column":15}},"25":{"start":{"line":83,"column":4},"end":{"line":83,"column":53}},"26":{"start":{"line":85,"column":32},"end":{"line":100,"column":3}},"27":{"start":{"line":87,"column":6},"end":{"line":89,"column":7}},"28":{"start":{"line":88,"column":8},"end":{"line":88,"column":18}},"29":{"start":{"line":90,"column":20},"end":{"line":97,"column":7}},"30":{"start":{"line":92,"column":24},"end":{"line":94,"column":11}},"31":{"start":{"line":95,"column":10},"end":{"line":95,"column":36}},"32":{"start":{"line":98,"column":6},"end":{"line":98,"column":33}},"33":{"start":{"line":101,"column":2},"end":{"line":101,"column":70}},"34":{"start":{"line":105,"column":2},"end":{"line":107,"column":3}},"35":{"start":{"line":106,"column":4},"end":{"line":106,"column":20}},"36":{"start":{"line":108,"column":2},"end":{"line":119,"column":3}},"37":{"start":{"line":109,"column":4},"end":{"line":111,"column":5}},"38":{"start":{"line":110,"column":6},"end":{"line":110,"column":37}},"39":{"start":{"line":112,"column":43},"end":{"line":116,"column":5}},"40":{"start":{"line":118,"column":4},"end":{"line":118,"column":57}},"41":{"start":{"line":120,"column":2},"end":{"line":125,"column":3}},"42":{"start":{"line":121,"column":4},"end":{"line":123,"column":5}},"43":{"start":{"line":122,"column":6},"end":{"line":122,"column":68}},"44":{"start":{"line":124,"column":4},"end":{"line":124,"column":28}},"45":{"start":{"line":127,"column":2},"end":{"line":127,"column":18}},"46":{"start":{"line":131,"column":2},"end":{"line":134,"column":4}},"47":{"start":{"line":133,"column":28},"end":{"line":133,"column":53}},"48":{"start":{"line":138,"column":2},"end":{"line":153,"column":3}},"49":{"start":{"line":139,"column":4},"end":{"line":143,"column":5}},"50":{"start":{"line":140,"column":6},"end":{"line":142,"column":8}},"51":{"start":{"line":144,"column":4},"end":{"line":148,"column":5}},"52":{"start":{"line":145,"column":6},"end":{"line":147,"column":8}},"53":{"start":{"line":149,"column":4},"end":{"line":152,"column":6}},"54":{"start":{"line":154,"column":2},"end":{"line":158,"column":3}},"55":{"start":{"line":155,"column":4},"end":{"line":157,"column":6}},"56":{"start":{"line":159,"column":2},"end":{"line":161,"column":4}},"57":{"start":{"line":164,"column":0},"end":{"line":227,"column":2}},"58":{"start":{"line":166,"column":4},"end":{"line":166,"column":52}},"59":{"start":{"line":169,"column":4},"end":{"line":169,"column":77}},"60":{"start":{"line":172,"column":4},"end":{"line":172,"column":76}},"61":{"start":{"line":181,"column":43},"end":{"line":184,"column":5}},"62":{"start":{"line":185,"column":21},"end":{"line":185,"column":30}},"63":{"start":{"line":186,"column":4},"end":{"line":197,"column":5}},"64":{"start":{"line":187,"column":23},"end":{"line":191,"column":7}},"65":{"start":{"line":192,"column":6},"end":{"line":196,"column":8}},"66":{"start":{"line":194,"column":53},"end":{"line":194,"column":69}},"67":{"start":{"line":198,"column":4},"end":{"line":198,"column":68}},"68":{"start":{"line":201,"column":4},"end":{"line":201,"column":44}},"69":{"start":{"line":204,"column":4},"end":{"line":204,"column":44}},"70":{"start":{"line":207,"column":4},"end":{"line":207,"column":44}},"71":{"start":{"line":210,"column":4},"end":{"line":210,"column":44}},"72":{"start":{"line":213,"column":4},"end":{"line":213,"column":44}},"73":{"start":{"line":216,"column":37},"end":{"line":216,"column":56}},"74":{"start":{"line":217,"column":4},"end":{"line":217,"column":53}},"75":{"start":{"line":220,"column":37},"end":{"line":220,"column":56}},"76":{"start":{"line":221,"column":4},"end":{"line":221,"column":52}},"77":{"start":{"line":224,"column":4},"end":{"line":224,"column":63}}},"fnMap":{"0":{"name":"(anonymous_0)","decl":{"start":{"line":14,"column":2},"end":{"line":14,"column":3}},"loc":{"start":{"line":14,"column":16},"end":{"line":59,"column":3}},"line":14},"1":{"name":"(anonymous_1)","decl":{"start":{"line":22,"column":19},"end":{"line":22,"column":20}},"loc":{"start":{"line":22,"column":32},"end":{"line":50,"column":5}},"line":22},"2":{"name":"(anonymous_2)","decl":{"start":{"line":52,"column":19},"end":{"line":52,"column":20}},"loc":{"start":{"line":53,"column":6},"end":{"line":58,"column":10}},"line":53},"3":{"name":"(anonymous_3)","decl":{"start":{"line":54,"column":8},"end":{"line":54,"column":9}},"loc":{"start":{"line":55,"column":10},"end":{"line":57,"column":53}},"line":55},"4":{"name":"resolveStepDefinition","decl":{"start":{"line":66,"column":9},"end":{"line":66,"column":30}},"loc":{"start":{"line":66,"column":50},"end":{"line":73,"column":1}},"line":66},"5":{"name":"storeTemplateRowsOnArgumentIfNotPresent","decl":{"start":{"line":75,"column":9},"end":{"line":75,"column":48}},"loc":{"start":{"line":75,"column":59},"end":{"line":79,"column":1}},"line":75},"6":{"name":"applyExampleData","decl":{"start":{"line":81,"column":9},"end":{"line":81,"column":25}},"loc":{"start":{"line":81,"column":74},"end":{"line":102,"column":1}},"line":81},"7":{"name":"(anonymous_7)","decl":{"start":{"line":86,"column":4},"end":{"line":86,"column":5}},"loc":{"start":{"line":86,"column":12},"end":{"line":99,"column":5}},"line":86},"8":{"name":"(anonymous_8)","decl":{"start":{"line":91,"column":28},"end":{"line":91,"column":29}},"loc":{"start":{"line":91,"column":35},"end":{"line":96,"column":9}},"line":91},"9":{"name":"resolveStepArgument","decl":{"start":{"line":104,"column":9},"end":{"line":104,"column":28}},"loc":{"start":{"line":104,"column":77},"end":{"line":128,"column":1}},"line":104},"10":{"name":"resolveAndRunHooks","decl":{"start":{"line":130,"column":9},"end":{"line":130,"column":27}},"loc":{"start":{"line":130,"column":69},"end":{"line":135,"column":1}},"line":130},"11":{"name":"(anonymous_11)","decl":{"start":{"line":133,"column":4},"end":{"line":133,"column":5}},"loc":{"start":{"line":133,"column":28},"end":{"line":133,"column":53}},"line":133},"12":{"name":"parseHookArgs","decl":{"start":{"line":137,"column":9},"end":{"line":137,"column":22}},"loc":{"start":{"line":137,"column":29},"end":{"line":162,"column":1}},"line":137},"13":{"name":"(anonymous_13)","decl":{"start":{"line":165,"column":2},"end":{"line":165,"column":3}},"loc":{"start":{"line":165,"column":43},"end":{"line":167,"column":3}},"line":165},"14":{"name":"(anonymous_14)","decl":{"start":{"line":168,"column":2},"end":{"line":168,"column":3}},"loc":{"start":{"line":168,"column":54},"end":{"line":170,"column":3}},"line":168},"15":{"name":"(anonymous_15)","decl":{"start":{"line":171,"column":2},"end":{"line":171,"column":3}},"loc":{"start":{"line":171,"column":53},"end":{"line":173,"column":3}},"line":171},"16":{"name":"(anonymous_16)","decl":{"start":{"line":175,"column":2},"end":{"line":175,"column":3}},"loc":{"start":{"line":180,"column":4},"end":{"line":199,"column":3}},"line":180},"17":{"name":"(anonymous_17)","decl":{"start":{"line":194,"column":42},"end":{"line":194,"column":43}},"loc":{"start":{"line":194,"column":53},"end":{"line":194,"column":69}},"line":194},"18":{"name":"(anonymous_18)","decl":{"start":{"line":200,"column":9},"end":{"line":200,"column":10}},"loc":{"start":{"line":200,"column":22},"end":{"line":202,"column":3}},"line":200},"19":{"name":"(anonymous_19)","decl":{"start":{"line":203,"column":8},"end":{"line":203,"column":9}},"loc":{"start":{"line":203,"column":21},"end":{"line":205,"column":3}},"line":203},"20":{"name":"(anonymous_20)","decl":{"start":{"line":206,"column":8},"end":{"line":206,"column":9}},"loc":{"start":{"line":206,"column":21},"end":{"line":208,"column":3}},"line":206},"21":{"name":"(anonymous_21)","decl":{"start":{"line":209,"column":7},"end":{"line":209,"column":8}},"loc":{"start":{"line":209,"column":20},"end":{"line":211,"column":3}},"line":209},"22":{"name":"(anonymous_22)","decl":{"start":{"line":212,"column":7},"end":{"line":212,"column":8}},"loc":{"start":{"line":212,"column":20},"end":{"line":214,"column":3}},"line":212},"23":{"name":"(anonymous_23)","decl":{"start":{"line":215,"column":10},"end":{"line":215,"column":11}},"loc":{"start":{"line":215,"column":23},"end":{"line":218,"column":3}},"line":215},"24":{"name":"(anonymous_24)","decl":{"start":{"line":219,"column":9},"end":{"line":219,"column":10}},"loc":{"start":{"line":219,"column":22},"end":{"line":222,"column":3}},"line":219},"25":{"name":"(anonymous_25)","decl":{"start":{"line":223,"column":14},"end":{"line":223,"column":15}},"loc":{"start":{"line":223,"column":46},"end":{"line":225,"column":3}},"line":223}},"branchMap":{"0":{"loc":{"start":{"line":26,"column":6},"end":{"line":30,"column":7}},"type":"if","locations":[{"start":{"line":26,"column":6},"end":{"line":30,"column":7}},{"start":{"line":26,"column":6},"end":{"line":30,"column":7}}],"line":26},"1":{"loc":{"start":{"line":32,"column":6},"end":{"line":42,"column":7}},"type":"if","locations":[{"start":{"line":32,"column":6},"end":{"line":42,"column":7}},{"start":{"line":32,"column":6},"end":{"line":42,"column":7}}],"line":32},"2":{"loc":{"start":{"line":48,"column":21},"end":{"line":48,"column":74}},"type":"binary-expr","locations":[{"start":{"line":48,"column":21},"end":{"line":48,"column":46}},{"start":{"line":48,"column":50},"end":{"line":48,"column":74}}],"line":48},"3":{"loc":{"start":{"line":55,"column":10},"end":{"line":57,"column":53}},"type":"binary-expr","locations":[{"start":{"line":55,"column":10},"end":{"line":55,"column":32}},{"start":{"line":56,"column":11},"end":{"line":56,"column":45}},{"start":{"line":57,"column":12},"end":{"line":57,"column":52}}],"line":55},"4":{"loc":{"start":{"line":72,"column":9},"end":{"line":72,"column":29}},"type":"binary-expr","locations":[{"start":{"line":72,"column":9},"end":{"line":72,"column":23}},{"start":{"line":72,"column":27},"end":{"line":72,"column":29}}],"line":72},"5":{"loc":{"start":{"line":76,"column":9},"end":{"line":78,"column":14}},"type":"cond-expr","locations":[{"start":{"line":77,"column":6},"end":{"line":77,"column":50}},{"start":{"line":78,"column":6},"end":{"line":78,"column":14}}],"line":76},"6":{"loc":{"start":{"line":87,"column":6},"end":{"line":89,"column":7}},"type":"if","locations":[{"start":{"line":87,"column":6},"end":{"line":89,"column":7}},{"start":{"line":87,"column":6},"end":{"line":89,"column":7}}],"line":87},"7":{"loc":{"start":{"line":87,"column":12},"end":{"line":87,"column":40}},"type":"binary-expr","locations":[{"start":{"line":87,"column":12},"end":{"line":87,"column":14}},{"start":{"line":87,"column":18},"end":{"line":87,"column":40}}],"line":87},"8":{"loc":{"start":{"line":105,"column":2},"end":{"line":107,"column":3}},"type":"if","locations":[{"start":{"line":105,"column":2},"end":{"line":107,"column":3}},{"start":{"line":105,"column":2},"end":{"line":107,"column":3}}],"line":105},"9":{"loc":{"start":{"line":108,"column":2},"end":{"line":119,"column":3}},"type":"if","locations":[{"start":{"line":108,"column":2},"end":{"line":119,"column":3}},{"start":{"line":108,"column":2},"end":{"line":119,"column":3}}],"line":108},"10":{"loc":{"start":{"line":109,"column":4},"end":{"line":111,"column":5}},"type":"if","locations":[{"start":{"line":109,"column":4},"end":{"line":111,"column":5}},{"start":{"line":109,"column":4},"end":{"line":111,"column":5}}],"line":109},"11":{"loc":{"start":{"line":120,"column":2},"end":{"line":125,"column":3}},"type":"if","locations":[{"start":{"line":120,"column":2},"end":{"line":125,"column":3}},{"start":{"line":120,"column":2},"end":{"line":125,"column":3}}],"line":120},"12":{"loc":{"start":{"line":121,"column":4},"end":{"line":123,"column":5}},"type":"if","locations":[{"start":{"line":121,"column":4},"end":{"line":123,"column":5}},{"start":{"line":121,"column":4},"end":{"line":123,"column":5}}],"line":121},"13":{"loc":{"start":{"line":138,"column":2},"end":{"line":153,"column":3}},"type":"if","locations":[{"start":{"line":138,"column":2},"end":{"line":153,"column":3}},{"start":{"line":138,"column":2},"end":{"line":153,"column":3}}],"line":138},"14":{"loc":{"start":{"line":139,"column":4},"end":{"line":143,"column":5}},"type":"if","locations":[{"start":{"line":139,"column":4},"end":{"line":143,"column":5}},{"start":{"line":139,"column":4},"end":{"line":143,"column":5}}],"line":139},"15":{"loc":{"start":{"line":139,"column":8},"end":{"line":139,"column":71}},"type":"binary-expr","locations":[{"start":{"line":139,"column":8},"end":{"line":139,"column":35}},{"start":{"line":139,"column":39},"end":{"line":139,"column":71}}],"line":139},"16":{"loc":{"start":{"line":144,"column":4},"end":{"line":148,"column":5}},"type":"if","locations":[{"start":{"line":144,"column":4},"end":{"line":148,"column":5}},{"start":{"line":144,"column":4},"end":{"line":148,"column":5}}],"line":144},"17":{"loc":{"start":{"line":154,"column":2},"end":{"line":158,"column":3}},"type":"if","locations":[{"start":{"line":154,"column":2},"end":{"line":158,"column":3}},{"start":{"line":154,"column":2},"end":{"line":158,"column":3}}],"line":154},"18":{"loc":{"start":{"line":186,"column":4},"end":{"line":197,"column":5}},"type":"if","locations":[{"start":{"line":186,"column":4},"end":{"line":197,"column":5}},{"start":{"line":186,"column":4},"end":{"line":197,"column":5}}],"line":186},"19":{"loc":{"start":{"line":186,"column":8},"end":{"line":186,"column":36}},"type":"binary-expr","locations":[{"start":{"line":186,"column":8},"end":{"line":186,"column":18}},{"start":{"line":186,"column":22},"end":{"line":186,"column":36}}],"line":186}},"s":{"0":0,"1":0,"2":0,"3":0,"4":0,"5":0,"6":0,"7":0,"8":0,"9":0,"10":0,"11":0,"12":0,"13":0,"14":0,"15":0,"16":0,"17":0,"18":0,"19":0,"20":0,"21":0,"22":0,"23":0,"24":0,"25":0,"26":0,"27":0,"28":0,"29":0,"30":0,"31":0,"32":0,"33":0,"34":0,"35":0,"36":0,"37":0,"38":0,"39":0,"40":0,"41":0,"42":0,"43":0,"44":0,"45":0,"46":0,"47":0,"48":0,"49":0,"50":0,"51":0,"52":0,"53":0,"54":0,"55":0,"56":0,"57":0,"58":0,"59":0,"60":0,"61":0,"62":0,"63":0,"64":0,"65":0,"66":0,"67":0,"68":0,"69":0,"70":0,"71":0,"72":0,"73":0,"74":0,"75":0,"76":0,"77":0},"f":{"0":0,"1":0,"2":0,"3":0,"4":0,"5":0,"6":0,"7":0,"8":0,"9":0,"10":0,"11":0,"12":0,"13":0,"14":0,"15":0,"16":0,"17":0,"18":0,"19":0,"20":0,"21":0,"22":0,"23":0,"24":0,"25":0},"b":{"0":[0,0],"1":[0,0],"2":[0,0],"3":[0,0,0],"4":[0,0],"5":[0,0],"6":[0,0],"7":[0,0],"8":[0,0],"9":[0,0],"10":[0,0],"11":[0,0],"12":[0,0],"13":[0,0],"14":[0,0],"15":[0,0],"16":[0,0],"17":[0,0],"18":[0,0],"19":[0,0]}}
,"D:\\GIT\\PERSONAL\\JS-BDD-Cypress-Allure-Framework\\lib\\stepDefinitionPath.js": {"path":"D:\\GIT\\PERSONAL\\JS-BDD-Cypress-Allure-Framework\\lib\\stepDefinitionPath.js","statementMap":{"0":{"start":{"line":1,"column":13},"end":{"line":1,"column":28}},"1":{"start":{"line":2,"column":11},"end":{"line":2,"column":24}},"2":{"start":{"line":3,"column":22},"end":{"line":3,"column":44}},"3":{"start":{"line":5,"column":0},"end":{"line":32,"column":2}},"4":{"start":{"line":6,"column":18},"end":{"line":6,"column":31}},"5":{"start":{"line":7,"column":17},"end":{"line":7,"column":28}},"6":{"start":{"line":8,"column":2},"end":{"line":29,"column":3}},"7":{"start":{"line":10,"column":32},"end":{"line":12,"column":30}},"8":{"start":{"line":14,"column":4},"end":{"line":25,"column":5}},"9":{"start":{"line":16,"column":8},"end":{"line":16,"column":62}},"10":{"start":{"line":17,"column":24},"end":{"line":17,"column":59}},"11":{"start":{"line":19,"column":6},"end":{"line":23,"column":7}},"12":{"start":{"line":20,"column":8},"end":{"line":22,"column":10}},"13":{"start":{"line":24,"column":6},"end":{"line":24,"column":23}},"14":{"start":{"line":26,"column":4},"end":{"line":28,"column":5}},"15":{"start":{"line":27,"column":6},"end":{"line":27,"column":56}},"16":{"start":{"line":31,"column":2},"end":{"line":31,"column":55}}},"fnMap":{"0":{"name":"(anonymous_0)","decl":{"start":{"line":5,"column":17},"end":{"line":5,"column":18}},"loc":{"start":{"line":5,"column":23},"end":{"line":32,"column":1}},"line":5}},"branchMap":{"0":{"loc":{"start":{"line":8,"column":2},"end":{"line":29,"column":3}},"type":"if","locations":[{"start":{"line":8,"column":2},"end":{"line":29,"column":3}},{"start":{"line":8,"column":2},"end":{"line":29,"column":3}}],"line":8},"1":{"loc":{"start":{"line":10,"column":32},"end":{"line":12,"column":30}},"type":"cond-expr","locations":[{"start":{"line":11,"column":8},"end":{"line":11,"column":31}},{"start":{"line":12,"column":8},"end":{"line":12,"column":30}}],"line":10},"2":{"loc":{"start":{"line":14,"column":4},"end":{"line":25,"column":5}},"type":"if","locations":[{"start":{"line":14,"column":4},"end":{"line":25,"column":5}},{"start":{"line":14,"column":4},"end":{"line":25,"column":5}}],"line":14},"3":{"loc":{"start":{"line":16,"column":8},"end":{"line":16,"column":62}},"type":"binary-expr","locations":[{"start":{"line":16,"column":8},"end":{"line":16,"column":27}},{"start":{"line":16,"column":31},"end":{"line":16,"column":62}}],"line":16},"4":{"loc":{"start":{"line":19,"column":6},"end":{"line":23,"column":7}},"type":"if","locations":[{"start":{"line":19,"column":6},"end":{"line":23,"column":7}},{"start":{"line":19,"column":6},"end":{"line":23,"column":7}}],"line":19},"5":{"loc":{"start":{"line":26,"column":4},"end":{"line":28,"column":5}},"type":"if","locations":[{"start":{"line":26,"column":4},"end":{"line":28,"column":5}},{"start":{"line":26,"column":4},"end":{"line":28,"column":5}}],"line":26}},"s":{"0":0,"1":0,"2":0,"3":0,"4":0,"5":0,"6":0,"7":0,"8":0,"9":0,"10":0,"11":0,"12":0,"13":0,"14":0,"15":0,"16":0},"f":{"0":0},"b":{"0":[0,0],"1":[0,0],"2":[0,0],"3":[0,0],"4":[0,0],"5":[0,0]}}
,"D:\\GIT\\PERSONAL\\JS-BDD-Cypress-Allure-Framework\\lib\\tagsHelper.js": {"path":"D:\\GIT\\PERSONAL\\JS-BDD-Cypress-Allure-Framework\\lib\\tagsHelper.js","statementMap":{"0":{"start":{"line":1,"column":32},"end":{"line":1,"column":67}},"1":{"start":{"line":4,"column":2},"end":{"line":4,"column":35}},"2":{"start":{"line":8,"column":17},"end":{"line":8,"column":42}},"3":{"start":{"line":9,"column":2},"end":{"line":17,"column":3}},"4":{"start":{"line":10,"column":27},"end":{"line":10,"column":48}},"5":{"start":{"line":11,"column":23},"end":{"line":11,"column":50}},"6":{"start":{"line":11,"column":41},"end":{"line":11,"column":49}},"7":{"start":{"line":12,"column":4},"end":{"line":12,"column":47}},"8":{"start":{"line":15,"column":4},"end":{"line":15,"column":75}},"9":{"start":{"line":16,"column":4},"end":{"line":16,"column":17}},"10":{"start":{"line":20,"column":0},"end":{"line":23,"column":2}}},"fnMap":{"0":{"name":"getEnvTags","decl":{"start":{"line":3,"column":9},"end":{"line":3,"column":19}},"loc":{"start":{"line":3,"column":22},"end":{"line":5,"column":1}},"line":3},"1":{"name":"shouldProceedCurrentStep","decl":{"start":{"line":7,"column":9},"end":{"line":7,"column":33}},"loc":{"start":{"line":7,"column":69},"end":{"line":18,"column":1}},"line":7},"2":{"name":"(anonymous_2)","decl":{"start":{"line":11,"column":32},"end":{"line":11,"column":33}},"loc":{"start":{"line":11,"column":41},"end":{"line":11,"column":49}},"line":11}},"branchMap":{"0":{"loc":{"start":{"line":4,"column":9},"end":{"line":4,"column":34}},"type":"binary-expr","locations":[{"start":{"line":4,"column":9},"end":{"line":4,"column":28}},{"start":{"line":4,"column":32},"end":{"line":4,"column":34}}],"line":4},"1":{"loc":{"start":{"line":7,"column":34},"end":{"line":7,"column":43}},"type":"default-arg","locations":[{"start":{"line":7,"column":41},"end":{"line":7,"column":43}}],"line":7},"2":{"loc":{"start":{"line":7,"column":45},"end":{"line":7,"column":67}},"type":"default-arg","locations":[{"start":{"line":7,"column":55},"end":{"line":7,"column":67}}],"line":7}},"s":{"0":0,"1":0,"2":0,"3":0,"4":0,"5":0,"6":0,"7":0,"8":0,"9":0,"10":0},"f":{"0":0,"1":0,"2":0},"b":{"0":[0,0],"1":[0],"2":[0]}}
,"D:\\GIT\\PERSONAL\\JS-BDD-Cypress-Allure-Framework\\lib\\cukejson\\cucumberDataCollector.js": {"path":"D:\\GIT\\PERSONAL\\JS-BDD-Cypress-Allure-Framework\\lib\\cukejson\\cucumberDataCollector.js","statementMap":{"0":{"start":{"line":1,"column":19},"end":{"line":1,"column":37}},"1":{"start":{"line":2,"column":17},"end":{"line":2,"column":55}},"2":{"start":{"line":6,"column":4},"end":{"line":6,"column":63}},"3":{"start":{"line":7,"column":4},"end":{"line":7,"column":28}},"4":{"start":{"line":8,"column":4},"end":{"line":8,"column":27}},"5":{"start":{"line":9,"column":4},"end":{"line":9,"column":23}},"6":{"start":{"line":10,"column":4},"end":{"line":10,"column":26}},"7":{"start":{"line":11,"column":4},"end":{"line":11,"column":26}},"8":{"start":{"line":12,"column":4},"end":{"line":12,"column":19}},"9":{"start":{"line":13,"column":4},"end":{"line":13,"column":21}},"10":{"start":{"line":15,"column":4},"end":{"line":15,"column":32}},"11":{"start":{"line":16,"column":4},"end":{"line":16,"column":25}},"12":{"start":{"line":18,"column":4},"end":{"line":18,"column":28}},"13":{"start":{"line":20,"column":4},"end":{"line":27,"column":6}},"14":{"start":{"line":21,"column":6},"end":{"line":26,"column":9}},"15":{"start":{"line":25,"column":29},"end":{"line":25,"column":56}},"16":{"start":{"line":29,"column":4},"end":{"line":29,"column":32}},"17":{"start":{"line":31,"column":4},"end":{"line":35,"column":6}},"18":{"start":{"line":32,"column":6},"end":{"line":34,"column":7}},"19":{"start":{"line":33,"column":8},"end":{"line":33,"column":40}},"20":{"start":{"line":37,"column":4},"end":{"line":48,"column":6}},"21":{"start":{"line":38,"column":6},"end":{"line":38,"column":38}},"22":{"start":{"line":39,"column":6},"end":{"line":39,"column":27}},"23":{"start":{"line":40,"column":6},"end":{"line":40,"column":28}},"24":{"start":{"line":41,"column":6},"end":{"line":41,"column":53}},"25":{"start":{"line":42,"column":6},"end":{"line":42,"column":28}},"26":{"start":{"line":44,"column":6},"end":{"line":46,"column":9}},"27":{"start":{"line":45,"column":8},"end":{"line":45,"column":68}},"28":{"start":{"line":47,"column":6},"end":{"line":47,"column":50}},"29":{"start":{"line":50,"column":4},"end":{"line":53,"column":6}},"30":{"start":{"line":51,"column":6},"end":{"line":51,"column":52}},"31":{"start":{"line":52,"column":6},"end":{"line":52,"column":42}},"32":{"start":{"line":55,"column":4},"end":{"line":59,"column":6}},"33":{"start":{"line":56,"column":6},"end":{"line":56,"column":36}},"34":{"start":{"line":57,"column":6},"end":{"line":57,"column":34}},"35":{"start":{"line":58,"column":6},"end":{"line":58,"column":25}},"36":{"start":{"line":61,"column":4},"end":{"line":63,"column":6}},"37":{"start":{"line":62,"column":6},"end":{"line":62,"column":42}},"38":{"start":{"line":65,"column":4},"end":{"line":91,"column":6}},"39":{"start":{"line":66,"column":6},"end":{"line":66,"column":27}},"40":{"start":{"line":67,"column":6},"end":{"line":89,"column":7}},"41":{"start":{"line":71,"column":8},"end":{"line":74,"column":10}},"42":{"start":{"line":75,"column":13},"end":{"line":89,"column":7}},"43":{"start":{"line":79,"column":8},"end":{"line":82,"column":10}},"44":{"start":{"line":84,"column":8},"end":{"line":88,"column":10}},"45":{"start":{"line":90,"column":6},"end":{"line":90,"column":50}},"46":{"start":{"line":93,"column":4},"end":{"line":98,"column":6}},"47":{"start":{"line":94,"column":18},"end":{"line":94,"column":28}},"48":{"start":{"line":95,"column":23},"end":{"line":95,"column":39}},"49":{"start":{"line":96,"column":6},"end":{"line":96,"column":23}},"50":{"start":{"line":97,"column":6},"end":{"line":97,"column":22}},"51":{"start":{"line":100,"column":4},"end":{"line":107,"column":6}},"52":{"start":{"line":101,"column":19},"end":{"line":103,"column":32}},"53":{"start":{"line":104,"column":6},"end":{"line":106,"column":8}},"54":{"start":{"line":109,"column":4},"end":{"line":119,"column":6}},"55":{"start":{"line":110,"column":6},"end":{"line":118,"column":9}},"56":{"start":{"line":111,"column":28},"end":{"line":111,"column":47}},"57":{"start":{"line":112,"column":8},"end":{"line":117,"column":11}},"58":{"start":{"line":113,"column":29},"end":{"line":113,"column":49}},"59":{"start":{"line":114,"column":10},"end":{"line":116,"column":11}},"60":{"start":{"line":115,"column":12},"end":{"line":115,"column":50}},"61":{"start":{"line":121,"column":4},"end":{"line":134,"column":6}},"62":{"start":{"line":122,"column":6},"end":{"line":133,"column":8}},"63":{"start":{"line":124,"column":25},"end":{"line":124,"column":46}},"64":{"start":{"line":125,"column":10},"end":{"line":131,"column":12}},"65":{"start":{"line":135,"column":4},"end":{"line":143,"column":6}},"66":{"start":{"line":136,"column":25},"end":{"line":136,"column":63}},"67":{"start":{"line":137,"column":24},"end":{"line":137,"column":62}},"68":{"start":{"line":138,"column":6},"end":{"line":142,"column":28}},"69":{"start":{"line":138,"column":22},"end":{"line":138,"column":77}},"70":{"start":{"line":140,"column":8},"end":{"line":142,"column":28}},"71":{"start":{"line":145,"column":4},"end":{"line":147,"column":6}},"72":{"start":{"line":146,"column":6},"end":{"line":146,"column":66}},"73":{"start":{"line":149,"column":4},"end":{"line":154,"column":6}},"74":{"start":{"line":150,"column":6},"end":{"line":153,"column":8}},"75":{"start":{"line":156,"column":4},"end":{"line":157,"column":70}},"76":{"start":{"line":157,"column":6},"end":{"line":157,"column":69}},"77":{"start":{"line":157,"column":39},"end":{"line":157,"column":68}},"78":{"start":{"line":159,"column":4},"end":{"line":161,"column":16}},"79":{"start":{"line":160,"column":6},"end":{"line":161,"column":15}},"80":{"start":{"line":160,"column":38},"end":{"line":160,"column":66}},"81":{"start":{"line":165,"column":0},"end":{"line":165,"column":43}}},"fnMap":{"0":{"name":"(anonymous_0)","decl":{"start":{"line":5,"column":2},"end":{"line":5,"column":3}},"loc":{"start":{"line":5,"column":25},"end":{"line":162,"column":3}},"line":5},"1":{"name":"(anonymous_1)","decl":{"start":{"line":20,"column":19},"end":{"line":20,"column":20}},"loc":{"start":{"line":20,"column":29},"end":{"line":27,"column":5}},"line":20},"2":{"name":"(anonymous_2)","decl":{"start":{"line":25,"column":22},"end":{"line":25,"column":23}},"loc":{"start":{"line":25,"column":29},"end":{"line":25,"column":56}},"line":25},"3":{"name":"(anonymous_3)","decl":{"start":{"line":29,"column":23},"end":{"line":29,"column":24}},"loc":{"start":{"line":29,"column":29},"end":{"line":29,"column":31}},"line":29},"4":{"name":"(anonymous_4)","decl":{"start":{"line":31,"column":24},"end":{"line":31,"column":25}},"loc":{"start":{"line":31,"column":30},"end":{"line":35,"column":5}},"line":31},"5":{"name":"(anonymous_5)","decl":{"start":{"line":37,"column":27},"end":{"line":37,"column":28}},"loc":{"start":{"line":37,"column":53},"end":{"line":48,"column":5}},"line":37},"6":{"name":"(anonymous_6)","decl":{"start":{"line":44,"column":25},"end":{"line":44,"column":26}},"loc":{"start":{"line":44,"column":35},"end":{"line":46,"column":7}},"line":44},"7":{"name":"(anonymous_7)","decl":{"start":{"line":50,"column":28},"end":{"line":50,"column":29}},"loc":{"start":{"line":50,"column":42},"end":{"line":53,"column":5}},"line":50},"8":{"name":"(anonymous_8)","decl":{"start":{"line":55,"column":23},"end":{"line":55,"column":24}},"loc":{"start":{"line":55,"column":33},"end":{"line":59,"column":5}},"line":55},"9":{"name":"(anonymous_9)","decl":{"start":{"line":61,"column":24},"end":{"line":61,"column":25}},"loc":{"start":{"line":61,"column":42},"end":{"line":63,"column":5}},"line":61},"10":{"name":"(anonymous_10)","decl":{"start":{"line":65,"column":18},"end":{"line":65,"column":19}},"loc":{"start":{"line":65,"column":27},"end":{"line":91,"column":5}},"line":65},"11":{"name":"(anonymous_11)","decl":{"start":{"line":93,"column":21},"end":{"line":93,"column":22}},"loc":{"start":{"line":93,"column":27},"end":{"line":98,"column":5}},"line":93},"12":{"name":"(anonymous_12)","decl":{"start":{"line":100,"column":26},"end":{"line":100,"column":27}},"loc":{"start":{"line":100,"column":40},"end":{"line":107,"column":5}},"line":100},"13":{"name":"(anonymous_13)","decl":{"start":{"line":109,"column":36},"end":{"line":109,"column":37}},"loc":{"start":{"line":109,"column":42},"end":{"line":119,"column":5}},"line":109},"14":{"name":"(anonymous_14)","decl":{"start":{"line":110,"column":41},"end":{"line":110,"column":42}},"loc":{"start":{"line":110,"column":51},"end":{"line":118,"column":7}},"line":110},"15":{"name":"(anonymous_15)","decl":{"start":{"line":112,"column":41},"end":{"line":112,"column":42}},"loc":{"start":{"line":112,"column":54},"end":{"line":117,"column":9}},"line":112},"16":{"name":"(anonymous_16)","decl":{"start":{"line":121,"column":42},"end":{"line":121,"column":43}},"loc":{"start":{"line":121,"column":56},"end":{"line":134,"column":5}},"line":121},"17":{"name":"(anonymous_17)","decl":{"start":{"line":123,"column":8},"end":{"line":123,"column":9}},"loc":{"start":{"line":123,"column":17},"end":{"line":132,"column":9}},"line":123},"18":{"name":"(anonymous_18)","decl":{"start":{"line":135,"column":32},"end":{"line":135,"column":33}},"loc":{"start":{"line":135,"column":46},"end":{"line":143,"column":5}},"line":135},"19":{"name":"(anonymous_19)","decl":{"start":{"line":145,"column":28},"end":{"line":145,"column":29}},"loc":{"start":{"line":145,"column":38},"end":{"line":147,"column":5}},"line":145},"20":{"name":"(anonymous_20)","decl":{"start":{"line":149,"column":28},"end":{"line":149,"column":29}},"loc":{"start":{"line":149,"column":46},"end":{"line":154,"column":5}},"line":149},"21":{"name":"(anonymous_21)","decl":{"start":{"line":156,"column":30},"end":{"line":156,"column":31}},"loc":{"start":{"line":157,"column":6},"end":{"line":157,"column":69}},"line":157},"22":{"name":"(anonymous_22)","decl":{"start":{"line":157,"column":32},"end":{"line":157,"column":33}},"loc":{"start":{"line":157,"column":39},"end":{"line":157,"column":68}},"line":157},"23":{"name":"(anonymous_23)","decl":{"start":{"line":159,"column":30},"end":{"line":159,"column":31}},"loc":{"start":{"line":160,"column":6},"end":{"line":161,"column":15}},"line":160},"24":{"name":"(anonymous_24)","decl":{"start":{"line":160,"column":31},"end":{"line":160,"column":32}},"loc":{"start":{"line":160,"column":38},"end":{"line":160,"column":66}},"line":160}},"branchMap":{"0":{"loc":{"start":{"line":32,"column":6},"end":{"line":34,"column":7}},"type":"if","locations":[{"start":{"line":32,"column":6},"end":{"line":34,"column":7}},{"start":{"line":32,"column":6},"end":{"line":34,"column":7}}],"line":32},"1":{"loc":{"start":{"line":67,"column":6},"end":{"line":89,"column":7}},"type":"if","locations":[{"start":{"line":67,"column":6},"end":{"line":89,"column":7}},{"start":{"line":67,"column":6},"end":{"line":89,"column":7}}],"line":67},"2":{"loc":{"start":{"line":68,"column":8},"end":{"line":69,"column":67}},"type":"binary-expr","locations":[{"start":{"line":68,"column":8},"end":{"line":68,"column":19}},{"start":{"line":69,"column":8},"end":{"line":69,"column":67}}],"line":68},"3":{"loc":{"start":{"line":75,"column":13},"end":{"line":89,"column":7}},"type":"if","locations":[{"start":{"line":75,"column":13},"end":{"line":89,"column":7}},{"start":{"line":75,"column":13},"end":{"line":89,"column":7}}],"line":75},"4":{"loc":{"start":{"line":101,"column":19},"end":{"line":103,"column":32}},"type":"cond-expr","locations":[{"start":{"line":102,"column":10},"end":{"line":102,"column":31}},{"start":{"line":103,"column":10},"end":{"line":103,"column":32}}],"line":101},"5":{"loc":{"start":{"line":114,"column":10},"end":{"line":116,"column":11}},"type":"if","locations":[{"start":{"line":114,"column":10},"end":{"line":116,"column":11}},{"start":{"line":114,"column":10},"end":{"line":116,"column":11}}],"line":114},"6":{"loc":{"start":{"line":128,"column":14},"end":{"line":130,"column":31}},"type":"cond-expr","locations":[{"start":{"line":129,"column":18},"end":{"line":129,"column":34}},{"start":{"line":130,"column":18},"end":{"line":130,"column":31}}],"line":128},"7":{"loc":{"start":{"line":138,"column":6},"end":{"line":142,"column":28}},"type":"if","locations":[{"start":{"line":138,"column":6},"end":{"line":142,"column":28}},{"start":{"line":138,"column":6},"end":{"line":142,"column":28}}],"line":138},"8":{"loc":{"start":{"line":140,"column":46},"end":{"line":142,"column":27}},"type":"cond-expr","locations":[{"start":{"line":141,"column":12},"end":{"line":141,"column":27}},{"start":{"line":142,"column":12},"end":{"line":142,"column":27}}],"line":140}},"s":{"0":0,"1":0,"2":0,"3":0,"4":0,"5":0,"6":0,"7":0,"8":0,"9":0,"10":0,"11":0,"12":0,"13":0,"14":0,"15":0,"16":0,"17":0,"18":0,"19":0,"20":0,"21":0,"22":0,"23":0,"24":0,"25":0,"26":0,"27":0,"28":0,"29":0,"30":0,"31":0,"32":0,"33":0,"34":0,"35":0,"36":0,"37":0,"38":0,"39":0,"40":0,"41":0,"42":0,"43":0,"44":0,"45":0,"46":0,"47":0,"48":0,"49":0,"50":0,"51":0,"52":0,"53":0,"54":0,"55":0,"56":0,"57":0,"58":0,"59":0,"60":0,"61":0,"62":0,"63":0,"64":0,"65":0,"66":0,"67":0,"68":0,"69":0,"70":0,"71":0,"72":0,"73":0,"74":0,"75":0,"76":0,"77":0,"78":0,"79":0,"80":0,"81":0},"f":{"0":0,"1":0,"2":0,"3":0,"4":0,"5":0,"6":0,"7":0,"8":0,"9":0,"10":0,"11":0,"12":0,"13":0,"14":0,"15":0,"16":0,"17":0,"18":0,"19":0,"20":0,"21":0,"22":0,"23":0,"24":0},"b":{"0":[0,0],"1":[0,0],"2":[0,0],"3":[0,0],"4":[0,0],"5":[0,0],"6":[0,0],"7":[0,0],"8":[0,0]}}
,"D:\\GIT\\PERSONAL\\JS-BDD-Cypress-Allure-Framework\\lib\\cukejson\\generateCucumberJson.js": {"path":"D:\\GIT\\PERSONAL\\JS-BDD-Cypress-Allure-Framework\\lib\\cukejson\\generateCucumberJson.js","statementMap":{"0":{"start":{"line":1,"column":25},"end":{"line":1,"column":42}},"1":{"start":{"line":2,"column":27},"end":{"line":2,"column":45}},"2":{"start":{"line":3,"column":22},"end":{"line":3,"column":78}},"3":{"start":{"line":4,"column":25},"end":{"line":4,"column":66}},"4":{"start":{"line":7,"column":15},"end":{"line":7,"column":17}},"5":{"start":{"line":8,"column":16},"end":{"line":10,"column":3}},"6":{"start":{"line":9,"column":4},"end":{"line":9,"column":19}},"7":{"start":{"line":12,"column":27},"end":{"line":12,"column":45}},"8":{"start":{"line":15,"column":4},"end":{"line":15,"column":62}},"9":{"start":{"line":18,"column":2},"end":{"line":18,"column":45}},"10":{"start":{"line":21,"column":2},"end":{"line":27,"column":5}},"11":{"start":{"line":32,"column":2},"end":{"line":34,"column":5}},"12":{"start":{"line":33,"column":4},"end":{"line":33,"column":45}},"13":{"start":{"line":37,"column":2},"end":{"line":66,"column":5}},"14":{"start":{"line":38,"column":21},"end":{"line":38,"column":45}},"15":{"start":{"line":39,"column":24},"end":{"line":39,"column":44}},"16":{"start":{"line":40,"column":23},"end":{"line":40,"column":48}},"17":{"start":{"line":41,"column":18},"end":{"line":43,"column":7}},"18":{"start":{"line":41,"column":44},"end":{"line":43,"column":5}},"19":{"start":{"line":44,"column":4},"end":{"line":47,"column":7}},"20":{"start":{"line":48,"column":4},"end":{"line":61,"column":7}},"21":{"start":{"line":49,"column":6},"end":{"line":52,"column":9}},"22":{"start":{"line":53,"column":6},"end":{"line":57,"column":9}},"23":{"start":{"line":58,"column":6},"end":{"line":60,"column":7}},"24":{"start":{"line":59,"column":8},"end":{"line":59,"column":77}},"25":{"start":{"line":62,"column":4},"end":{"line":65,"column":7}},"26":{"start":{"line":67,"column":2},"end":{"line":67,"column":49}},"27":{"start":{"line":69,"column":2},"end":{"line":69,"column":28}},"28":{"start":{"line":72,"column":0},"end":{"line":72,"column":42}}},"fnMap":{"0":{"name":"generateCucumberJson","decl":{"start":{"line":6,"column":9},"end":{"line":6,"column":29}},"loc":{"start":{"line":6,"column":37},"end":{"line":70,"column":1}},"line":6},"1":{"name":"(anonymous_1)","decl":{"start":{"line":8,"column":16},"end":{"line":8,"column":17}},"loc":{"start":{"line":8,"column":26},"end":{"line":10,"column":3}},"line":8},"2":{"name":"storePickle","decl":{"start":{"line":14,"column":11},"end":{"line":14,"column":22}},"loc":{"start":{"line":14,"column":40},"end":{"line":16,"column":3}},"line":14},"3":{"name":"(anonymous_3)","decl":{"start":{"line":32,"column":59},"end":{"line":32,"column":60}},"loc":{"start":{"line":32,"column":70},"end":{"line":34,"column":3}},"line":32},"4":{"name":"(anonymous_4)","decl":{"start":{"line":37,"column":38},"end":{"line":37,"column":39}},"loc":{"start":{"line":37,"column":48},"end":{"line":66,"column":3}},"line":37},"5":{"name":"(anonymous_5)","decl":{"start":{"line":41,"column":33},"end":{"line":41,"column":34}},"loc":{"start":{"line":41,"column":44},"end":{"line":43,"column":5}},"line":41},"6":{"name":"(anonymous_6)","decl":{"start":{"line":48,"column":24},"end":{"line":48,"column":25}},"loc":{"start":{"line":48,"column":49},"end":{"line":61,"column":5}},"line":48}},"branchMap":{"0":{"loc":{"start":{"line":58,"column":6},"end":{"line":60,"column":7}},"type":"if","locations":[{"start":{"line":58,"column":6},"end":{"line":60,"column":7}},{"start":{"line":58,"column":6},"end":{"line":60,"column":7}}],"line":58}},"s":{"0":0,"1":0,"2":0,"3":0,"4":0,"5":0,"6":0,"7":0,"8":0,"9":0,"10":0,"11":0,"12":0,"13":0,"14":0,"15":0,"16":0,"17":0,"18":0,"19":0,"20":0,"21":0,"22":0,"23":0,"24":0,"25":0,"26":0,"27":0,"28":0},"f":{"0":0,"1":0,"2":0,"3":0,"4":0,"5":0,"6":0},"b":{"0":[0,0]}}
,"D:\\GIT\\PERSONAL\\JS-BDD-Cypress-Allure-Framework\\lib\\testHelpers\\resolveFeatureFromFile.js": {"path":"D:\\GIT\\PERSONAL\\JS-BDD-Cypress-Allure-Framework\\lib\\testHelpers\\resolveFeatureFromFile.js","statementMap":{"0":{"start":{"line":2,"column":11},"end":{"line":2,"column":24}},"1":{"start":{"line":4,"column":35},"end":{"line":4,"column":71}},"2":{"start":{"line":6,"column":31},"end":{"line":9,"column":1}},"3":{"start":{"line":7,"column":15},"end":{"line":7,"column":43}},"4":{"start":{"line":8,"column":2},"end":{"line":8,"column":44}},"5":{"start":{"line":11,"column":0},"end":{"line":13,"column":2}}},"fnMap":{"0":{"name":"(anonymous_0)","decl":{"start":{"line":6,"column":31},"end":{"line":6,"column":32}},"loc":{"start":{"line":6,"column":48},"end":{"line":9,"column":1}},"line":6}},"branchMap":{},"s":{"0":0,"1":0,"2":0,"3":0,"4":0,"5":0},"f":{"0":0},"b":{}}
}
