TN:
SF:lib\createTestFromScenario.js
FN:12,(anonymous_0)
FN:14,(anonymous_1)
FN:19,(anonymous_2)
FN:25,(anonymous_3)
FN:26,(anonymous_4)
FN:35,(anonymous_5)
FN:38,(anonymous_6)
FN:39,(anonymous_7)
FN:45,(anonymous_8)
FN:48,(anonymous_9)
FN:49,(anonymous_10)
FN:52,(anonymous_11)
FN:53,(anonymous_12)
FN:57,(anonymous_13)
FN:61,(anonymous_14)
FN:66,(anonymous_15)
FN:67,(anonymous_16)
FN:69,(anonymous_17)
FN:76,(anonymous_18)
FN:78,(anonymous_19)
FN:88,(anonymous_20)
FN:94,(anonymous_21)
FN:95,(anonymous_22)
FN:100,(anonymous_23)
FN:103,(anonymous_24)
FN:110,(anonymous_25)
FN:113,(anonymous_26)
FN:120,(anonymous_27)
FN:122,(anonymous_28)
FN:130,(anonymous_29)
FN:134,(anonymous_30)
FN:166,(anonymous_31)
FN:167,(anonymous_32)
FN:167,(anonymous_33)
FN:176,(anonymous_34)
FN:178,(anonymous_35)
FNF:36
FNH:0
FNDA:0,(anonymous_0)
FNDA:0,(anonymous_1)
FNDA:0,(anonymous_2)
FNDA:0,(anonymous_3)
FNDA:0,(anonymous_4)
FNDA:0,(anonymous_5)
FNDA:0,(anonymous_6)
FNDA:0,(anonymous_7)
FNDA:0,(anonymous_8)
FNDA:0,(anonymous_9)
FNDA:0,(anonymous_10)
FNDA:0,(anonymous_11)
FNDA:0,(anonymous_12)
FNDA:0,(anonymous_13)
FNDA:0,(anonymous_14)
FNDA:0,(anonymous_15)
FNDA:0,(anonymous_16)
FNDA:0,(anonymous_17)
FNDA:0,(anonymous_18)
FNDA:0,(anonymous_19)
FNDA:0,(anonymous_20)
FNDA:0,(anonymous_21)
FNDA:0,(anonymous_22)
FNDA:0,(anonymous_23)
FNDA:0,(anonymous_24)
FNDA:0,(anonymous_25)
FNDA:0,(anonymous_26)
FNDA:0,(anonymous_27)
FNDA:0,(anonymous_28)
FNDA:0,(anonymous_29)
FNDA:0,(anonymous_30)
FNDA:0,(anonymous_31)
FNDA:0,(anonymous_32)
FNDA:0,(anonymous_33)
FNDA:0,(anonymous_34)
FNDA:0,(anonymous_35)
DA:2,0
DA:8,0
DA:9,0
DA:10,0
DA:12,0
DA:13,0
DA:14,0
DA:19,0
DA:20,0
DA:25,0
DA:27,0
DA:35,0
DA:38,0
DA:39,0
DA:43,0
DA:45,0
DA:46,0
DA:47,0
DA:48,0
DA:50,0
DA:53,0
DA:54,0
DA:57,0
DA:61,0
DA:65,0
DA:66,0
DA:67,0
DA:70,0
DA:76,0
DA:78,0
DA:80,0
DA:81,0
DA:82,0
DA:83,0
DA:84,0
DA:85,0
DA:88,0
DA:94,0
DA:95,0
DA:100,0
DA:101,0
DA:103,0
DA:104,0
DA:107,0
DA:110,0
DA:111,0
DA:112,0
DA:113,0
DA:114,0
DA:115,0
DA:117,0
DA:120,0
DA:121,0
DA:122,0
DA:123,0
DA:130,0
DA:132,0
DA:133,0
DA:134,0
DA:135,0
DA:136,0
DA:137,0
DA:140,0
DA:144,0
DA:153,0
DA:157,0
DA:161,0
DA:166,0
DA:167,0
DA:168,0
DA:169,0
DA:170,0
DA:176,0
DA:177,0
DA:178,0
DA:179,0
DA:189,0
LF:77
LH:0
BRDA:26,0,0,0
BRDA:26,0,1,0
BRDA:26,0,2,0
BRDA:43,1,0,0
BRDA:43,1,1,0
BRDA:80,2,0,0
BRDA:80,2,1,0
BRDA:81,3,0,0
BRDA:81,3,1,0
BRDA:82,4,0,0
BRDA:82,4,1,0
BRDA:83,5,0,0
BRDA:83,5,1,0
BRDA:111,6,0,0
BRDA:111,6,1,0
BRDA:117,7,0,0
BRDA:117,7,1,0
BRDA:140,8,0,0
BRDA:140,8,1,0
BRDA:157,9,0,0
BRDA:157,9,1,0
BRDA:168,10,0,0
BRDA:168,10,1,0
BRDA:168,11,0,0
BRDA:168,11,1,0
BRDA:177,12,0,0
BRDA:177,12,1,0
BRDA:177,13,0,0
BRDA:177,13,1,0
BRF:29
BRH:0
end_of_record
TN:
SF:lib\createTestsFromFeature.js
FN:5,(anonymous_0)
FN:11,(anonymous_1)
FN:11,(anonymous_2)
FN:14,(anonymous_3)
FN:17,(anonymous_4)
FN:21,(anonymous_5)
FN:26,(anonymous_6)
FN:31,(anonymous_7)
FN:39,(anonymous_8)
FNF:9
FNH:0
FNDA:0,(anonymous_0)
FNDA:0,(anonymous_1)
FNDA:0,(anonymous_2)
FNDA:0,(anonymous_3)
FNDA:0,(anonymous_4)
FNDA:0,(anonymous_5)
FNDA:0,(anonymous_6)
FNDA:0,(anonymous_7)
FNDA:0,(anonymous_8)
DA:1,0
DA:2,0
DA:3,0
DA:5,0
DA:6,0
DA:7,0
DA:8,0
DA:10,0
DA:11,0
DA:13,0
DA:14,0
DA:16,0
DA:17,0
DA:21,0
DA:23,0
DA:26,0
DA:30,0
DA:31,0
DA:33,0
DA:35,0
DA:39,0
DA:41,0
DA:43,0
DA:46,0
LF:24
LH:0
BRDA:11,0,0,0
BRDA:11,0,1,0
BRDA:30,1,0,0
BRDA:30,1,1,0
BRDA:30,2,0,0
BRDA:30,2,1,0
BRDA:33,3,0,0
BRDA:33,3,1,0
BRF:8
BRH:0
end_of_record
TN:
SF:lib\cucumberTemplate.js
FN:4,(anonymous_0)
FNF:1
FNH:0
FNDA:0,(anonymous_0)
DA:1,0
DA:2,0
DA:4,0
DA:5,0
DA:6,0
DA:10,0
DA:13,0
LF:7
LH:0
BRDA:5,0,0,0
BRDA:5,0,1,0
BRF:2
BRH:0
end_of_record
TN:
SF:lib\cypressExecutionInstance.js
FNF:0
FNH:0
LF:0
LH:0
BRF:0
BRH:0
end_of_record
TN:
SF:lib\cypressTagsHelpers.js
FN:9,stripCLIArguments
FN:17,(anonymous_1)
FN:18,(anonymous_2)
FN:19,(anonymous_3)
FN:35,parseArgsOrDefault
FN:38,(anonymous_5)
FN:50,getGlobArg
FNF:7
FNH:0
FNDA:0,stripCLIArguments
FNDA:0,(anonymous_1)
FNDA:0,(anonymous_2)
FNDA:0,(anonymous_3)
FNDA:0,parseArgsOrDefault
FNDA:0,(anonymous_5)
FNDA:0,getGlobArg
DA:1,0
DA:2,0
DA:4,0
DA:10,0
DA:11,0
DA:13,0
DA:15,0
DA:17,0
DA:19,0
DA:24,0
DA:36,0
DA:38,0
DA:43,0
DA:47,0
DA:51,0
DA:52,0
DA:55,0
LF:17
LH:0
BRDA:9,0,0,0
BRDA:15,1,0,0
BRDA:15,1,1,0
BRDA:43,2,0,0
BRDA:43,2,1,0
BRDA:47,3,0,0
BRDA:47,3,1,0
BRDA:52,4,0,0
BRDA:52,4,1,0
BRF:9
BRH:0
end_of_record
TN:
SF:lib\featuresLoader.js
FN:15,(anonymous_0)
FN:56,(anonymous_1)
FN:62,(anonymous_2)
FN:76,(anonymous_3)
FN:85,(anonymous_4)
FN:87,(anonymous_5)
FN:95,(anonymous_6)
FN:98,(anonymous_7)
FN:108,(anonymous_8)
FN:112,(anonymous_9)
FNF:10
FNH:0
FNDA:0,(anonymous_0)
FNDA:0,(anonymous_1)
FNDA:0,(anonymous_2)
FNDA:0,(anonymous_3)
FNDA:0,(anonymous_4)
FNDA:0,(anonymous_5)
FNDA:0,(anonymous_6)
FNDA:0,(anonymous_7)
FNDA:0,(anonymous_8)
FNDA:0,(anonymous_9)
DA:1,0
DA:2,0
DA:3,0
DA:4,0
DA:5,0
DA:6,0
DA:8,0
DA:9,0
DA:10,0
DA:13,0
DA:15,0
DA:21,0
DA:56,0
DA:62,0
DA:76,0
DA:77,0
DA:79,0
DA:81,0
DA:84,0
DA:85,0
DA:88,0
DA:92,0
DA:96,0
DA:98,0
DA:107,0
DA:108,0
DA:112,0
DA:117,0
LF:28
LH:0
BRDA:60,0,0,0
BRDA:60,0,1,0
BRDA:76,1,0,0
BRDA:84,2,0,0
BRDA:84,2,1,0
BRF:5
BRH:0
end_of_record
TN:
SF:lib\getConfig.js
FN:5,(anonymous_0)
FNF:1
FNH:0
FNDA:0,(anonymous_0)
DA:1,0
DA:5,0
DA:6,0
DA:7,0
DA:13,0
DA:14,0
LF:6
LH:0
BRDA:6,0,0,0
BRDA:6,0,1,0
BRDA:14,1,0,0
BRDA:14,1,1,0
BRF:4
BRH:0
end_of_record
TN:
SF:lib\getCucumberJsonConfig.js
FN:4,(anonymous_0)
FNF:1
FNH:0
FNDA:0,(anonymous_0)
DA:1,0
DA:2,0
DA:4,0
DA:5,0
DA:7,0
DA:8,0
DA:10,0
LF:7
LH:0
BRDA:7,0,0,0
BRDA:7,0,1,0
BRDA:7,1,0,0
BRDA:7,1,1,0
BRF:4
BRH:0
end_of_record
TN:
SF:lib\getStepDefinitionPathsFrom.js
FN:4,(anonymous_0)
FNF:1
FNH:0
FNDA:0,(anonymous_0)
DA:1,0
DA:3,0
DA:5,0
LF:3
LH:0
BRF:0
BRH:0
end_of_record
TN:
SF:lib\getStepDefinitionsPaths.js
FN:8,(anonymous_0)
FNF:1
FNH:0
FNDA:0,(anonymous_0)
DA:1,0
DA:2,0
DA:3,0
DA:4,0
DA:5,0
DA:6,0
DA:8,0
DA:9,0
DA:10,0
DA:11,0
DA:12,0
DA:13,0
DA:14,0
DA:16,0
DA:17,0
DA:20,0
DA:21,0
DA:22,0
DA:23,0
DA:26,0
DA:28,0
DA:29,0
DA:34,0
DA:35,0
DA:37,0
DA:40,0
LF:26
LH:0
BRDA:12,0,0,0
BRDA:12,0,1,0
BRDA:12,1,0,0
BRDA:12,1,1,0
BRDA:14,2,0,0
BRDA:14,2,1,0
BRDA:16,3,0,0
BRDA:16,3,1,0
BRDA:20,4,0,0
BRDA:20,4,1,0
BRDA:23,5,0,0
BRDA:23,5,1,0
BRF:12
BRH:0
end_of_record
TN:
SF:lib\hookRegistry.js
FN:4,(anonymous_0)
FN:8,(anonymous_1)
FN:16,(anonymous_2)
FN:18,(anonymous_3)
FNF:4
FNH:0
FNDA:0,(anonymous_0)
FNDA:0,(anonymous_1)
FNDA:0,(anonymous_2)
FNDA:0,(anonymous_3)
DA:1,0
DA:5,0
DA:6,0
DA:8,0
DA:9,0
DA:16,0
DA:17,0
DA:19,0
DA:27,0
LF:9
LH:0
BRDA:12,0,0,0
BRDA:12,0,1,0
BRDA:19,1,0,0
BRDA:19,1,1,0
BRDA:19,1,2,0
BRDA:19,1,3,0
BRDA:19,1,4,0
BRF:7
BRH:0
end_of_record
TN:
SF:lib\index.js
FN:11,(anonymous_0)
FN:14,write
FN:18,end
FN:34,(anonymous_3)
FN:41,(anonymous_4)
FN:63,(anonymous_5)
FN:70,(anonymous_6)
FN:86,(anonymous_7)
FNF:8
FNH:0
FNDA:0,(anonymous_0)
FNDA:0,write
FNDA:0,end
FNDA:0,(anonymous_3)
FNDA:0,(anonymous_4)
FNDA:0,(anonymous_5)
FNDA:0,(anonymous_6)
FNDA:0,(anonymous_7)
DA:2,0
DA:3,0
DA:4,0
DA:5,0
DA:6,0
DA:7,0
DA:8,0
DA:9,0
DA:11,0
DA:12,0
DA:15,0
DA:19,0
DA:20,0
DA:21,0
DA:22,0
DA:23,0
DA:24,0
DA:26,0
DA:28,0
DA:31,0
DA:34,0
DA:35,0
DA:41,0
DA:43,0
DA:47,0
DA:48,0
DA:49,0
DA:51,0
DA:54,0
DA:63,0
DA:64,0
DA:65,0
DA:68,0
DA:70,0
DA:71,0
DA:72,0
DA:73,0
DA:75,0
DA:87,0
DA:90,0
DA:94,0
LF:41
LH:0
BRDA:19,0,0,0
BRDA:19,0,1,0
BRDA:22,1,0,0
BRDA:22,1,1,0
BRDA:43,2,0,0
BRDA:43,2,1,0
BRDA:44,3,0,0
BRDA:44,3,1,0
BRDA:48,4,0,0
BRDA:48,4,1,0
BRDA:57,5,0,0
BRDA:57,5,1,0
BRDA:63,6,0,0
BRDA:64,7,0,0
BRDA:64,7,1,0
BRDA:71,8,0,0
BRDA:71,8,1,0
BRDA:72,9,0,0
BRDA:72,9,1,0
BRF:19
BRH:0
end_of_record
TN:
SF:lib\isNonGlobalStepDefinitionsMode.js
FN:3,(anonymous_0)
FNF:1
FNH:0
FNDA:0,(anonymous_0)
DA:1,0
DA:3,0
DA:4,0
DA:5,0
LF:4
LH:0
BRDA:5,0,0,0
BRDA:5,0,1,0
BRF:2
BRH:0
end_of_record
TN:
SF:lib\loader.js
FN:11,(anonymous_0)
FN:23,(anonymous_1)
FN:26,(anonymous_2)
FNF:3
FNH:0
FNDA:0,(anonymous_0)
FNDA:0,(anonymous_1)
FNDA:0,(anonymous_2)
DA:1,0
DA:2,0
DA:3,0
DA:4,0
DA:5,0
DA:6,0
DA:7,0
DA:11,0
DA:12,0
DA:23,0
DA:24,0
DA:25,0
DA:26,0
DA:29,0
DA:30,0
LF:15
LH:0
BRDA:23,0,0,0
BRF:1
BRH:0
end_of_record
TN:
SF:lib\resolveStepDefinition.js
FN:14,(anonymous_0)
FN:22,(anonymous_1)
FN:52,(anonymous_2)
FN:54,(anonymous_3)
FN:66,resolveStepDefinition
FN:75,storeTemplateRowsOnArgumentIfNotPresent
FN:81,applyExampleData
FN:86,(anonymous_7)
FN:91,(anonymous_8)
FN:104,resolveStepArgument
FN:130,resolveAndRunHooks
FN:133,(anonymous_11)
FN:137,parseHookArgs
FN:165,(anonymous_13)
FN:168,(anonymous_14)
FN:171,(anonymous_15)
FN:175,(anonymous_16)
FN:194,(anonymous_17)
FN:200,(anonymous_18)
FN:203,(anonymous_19)
FN:206,(anonymous_20)
FN:209,(anonymous_21)
FN:212,(anonymous_22)
FN:215,(anonymous_23)
FN:219,(anonymous_24)
FN:223,(anonymous_25)
FNF:26
FNH:0
FNDA:0,(anonymous_0)
FNDA:0,(anonymous_1)
FNDA:0,(anonymous_2)
FNDA:0,(anonymous_3)
FNDA:0,resolveStepDefinition
FNDA:0,storeTemplateRowsOnArgumentIfNotPresent
FNDA:0,applyExampleData
FNDA:0,(anonymous_7)
FNDA:0,(anonymous_8)
FNDA:0,resolveStepArgument
FNDA:0,resolveAndRunHooks
FNDA:0,(anonymous_11)
FNDA:0,parseHookArgs
FNDA:0,(anonymous_13)
FNDA:0,(anonymous_14)
FNDA:0,(anonymous_15)
FNDA:0,(anonymous_16)
FNDA:0,(anonymous_17)
FNDA:0,(anonymous_18)
FNDA:0,(anonymous_19)
FNDA:0,(anonymous_20)
FNDA:0,(anonymous_21)
FNDA:0,(anonymous_22)
FNDA:0,(anonymous_23)
FNDA:0,(anonymous_24)
FNDA:0,(anonymous_25)
DA:1,0
DA:4,0
DA:9,0
DA:11,0
DA:15,0
DA:16,0
DA:17,0
DA:21,0
DA:22,0
DA:26,0
DA:27,0
DA:29,0
DA:32,0
DA:33,0
DA:38,0
DA:44,0
DA:52,0
DA:53,0
DA:55,0
DA:62,0
DA:63,0
DA:64,0
DA:67,0
DA:72,0
DA:76,0
DA:83,0
DA:85,0
DA:87,0
DA:88,0
DA:90,0
DA:92,0
DA:95,0
DA:98,0
DA:101,0
DA:105,0
DA:106,0
DA:108,0
DA:109,0
DA:110,0
DA:112,0
DA:118,0
DA:120,0
DA:121,0
DA:122,0
DA:124,0
DA:127,0
DA:131,0
DA:133,0
DA:138,0
DA:139,0
DA:140,0
DA:144,0
DA:145,0
DA:149,0
DA:154,0
DA:155,0
DA:159,0
DA:164,0
DA:166,0
DA:169,0
DA:172,0
DA:181,0
DA:185,0
DA:186,0
DA:187,0
DA:192,0
DA:194,0
DA:198,0
DA:201,0
DA:204,0
DA:207,0
DA:210,0
DA:213,0
DA:216,0
DA:217,0
DA:220,0
DA:221,0
DA:224,0
LF:78
LH:0
BRDA:26,0,0,0
BRDA:26,0,1,0
BRDA:32,1,0,0
BRDA:32,1,1,0
BRDA:48,2,0,0
BRDA:48,2,1,0
BRDA:55,3,0,0
BRDA:55,3,1,0
BRDA:55,3,2,0
BRDA:72,4,0,0
BRDA:72,4,1,0
BRDA:76,5,0,0
BRDA:76,5,1,0
BRDA:87,6,0,0
BRDA:87,6,1,0
BRDA:87,7,0,0
BRDA:87,7,1,0
BRDA:105,8,0,0
BRDA:105,8,1,0
BRDA:108,9,0,0
BRDA:108,9,1,0
BRDA:109,10,0,0
BRDA:109,10,1,0
BRDA:120,11,0,0
BRDA:120,11,1,0
BRDA:121,12,0,0
BRDA:121,12,1,0
BRDA:138,13,0,0
BRDA:138,13,1,0
BRDA:139,14,0,0
BRDA:139,14,1,0
BRDA:139,15,0,0
BRDA:139,15,1,0
BRDA:144,16,0,0
BRDA:144,16,1,0
BRDA:154,17,0,0
BRDA:154,17,1,0
BRDA:186,18,0,0
BRDA:186,18,1,0
BRDA:186,19,0,0
BRDA:186,19,1,0
BRF:41
BRH:0
end_of_record
TN:
SF:lib\stepDefinitionPath.js
FN:5,(anonymous_0)
FNF:1
FNH:0
FNDA:0,(anonymous_0)
DA:1,0
DA:2,0
DA:3,0
DA:5,0
DA:6,0
DA:7,0
DA:8,0
DA:10,0
DA:14,0
DA:16,0
DA:17,0
DA:19,0
DA:20,0
DA:24,0
DA:26,0
DA:27,0
DA:31,0
LF:17
LH:0
BRDA:8,0,0,0
BRDA:8,0,1,0
BRDA:10,1,0,0
BRDA:10,1,1,0
BRDA:14,2,0,0
BRDA:14,2,1,0
BRDA:16,3,0,0
BRDA:16,3,1,0
BRDA:19,4,0,0
BRDA:19,4,1,0
BRDA:26,5,0,0
BRDA:26,5,1,0
BRF:12
BRH:0
end_of_record
TN:
SF:lib\tagsHelper.js
FN:3,getEnvTags
FN:7,shouldProceedCurrentStep
FN:11,(anonymous_2)
FNF:3
FNH:0
FNDA:0,getEnvTags
FNDA:0,shouldProceedCurrentStep
FNDA:0,(anonymous_2)
DA:1,0
DA:4,0
DA:8,0
DA:9,0
DA:10,0
DA:11,0
DA:12,0
DA:15,0
DA:16,0
DA:20,0
LF:10
LH:0
BRDA:4,0,0,0
BRDA:4,0,1,0
BRDA:7,1,0,0
BRDA:7,2,0,0
BRF:4
BRH:0
end_of_record
TN:
SF:lib\cukejson\cucumberDataCollector.js
FN:5,(anonymous_0)
FN:20,(anonymous_1)
FN:25,(anonymous_2)
FN:29,(anonymous_3)
FN:31,(anonymous_4)
FN:37,(anonymous_5)
FN:44,(anonymous_6)
FN:50,(anonymous_7)
FN:55,(anonymous_8)
FN:61,(anonymous_9)
FN:65,(anonymous_10)
FN:93,(anonymous_11)
FN:100,(anonymous_12)
FN:109,(anonymous_13)
FN:110,(anonymous_14)
FN:112,(anonymous_15)
FN:121,(anonymous_16)
FN:123,(anonymous_17)
FN:135,(anonymous_18)
FN:145,(anonymous_19)
FN:149,(anonymous_20)
FN:156,(anonymous_21)
FN:157,(anonymous_22)
FN:159,(anonymous_23)
FN:160,(anonymous_24)
FNF:25
FNH:0
FNDA:0,(anonymous_0)
FNDA:0,(anonymous_1)
FNDA:0,(anonymous_2)
FNDA:0,(anonymous_3)
FNDA:0,(anonymous_4)
FNDA:0,(anonymous_5)
FNDA:0,(anonymous_6)
FNDA:0,(anonymous_7)
FNDA:0,(anonymous_8)
FNDA:0,(anonymous_9)
FNDA:0,(anonymous_10)
FNDA:0,(anonymous_11)
FNDA:0,(anonymous_12)
FNDA:0,(anonymous_13)
FNDA:0,(anonymous_14)
FNDA:0,(anonymous_15)
FNDA:0,(anonymous_16)
FNDA:0,(anonymous_17)
FNDA:0,(anonymous_18)
FNDA:0,(anonymous_19)
FNDA:0,(anonymous_20)
FNDA:0,(anonymous_21)
FNDA:0,(anonymous_22)
FNDA:0,(anonymous_23)
FNDA:0,(anonymous_24)
DA:1,0
DA:2,0
DA:6,0
DA:7,0
DA:8,0
DA:9,0
DA:10,0
DA:11,0
DA:12,0
DA:13,0
DA:15,0
DA:16,0
DA:18,0
DA:20,0
DA:21,0
DA:25,0
DA:29,0
DA:31,0
DA:32,0
DA:33,0
DA:37,0
DA:38,0
DA:39,0
DA:40,0
DA:41,0
DA:42,0
DA:44,0
DA:45,0
DA:47,0
DA:50,0
DA:51,0
DA:52,0
DA:55,0
DA:56,0
DA:57,0
DA:58,0
DA:61,0
DA:62,0
DA:65,0
DA:66,0
DA:67,0
DA:71,0
DA:75,0
DA:79,0
DA:84,0
DA:90,0
DA:93,0
DA:94,0
DA:95,0
DA:96,0
DA:97,0
DA:100,0
DA:101,0
DA:104,0
DA:109,0
DA:110,0
DA:111,0
DA:112,0
DA:113,0
DA:114,0
DA:115,0
DA:121,0
DA:122,0
DA:124,0
DA:125,0
DA:135,0
DA:136,0
DA:137,0
DA:138,0
DA:140,0
DA:145,0
DA:146,0
DA:149,0
DA:150,0
DA:156,0
DA:157,0
DA:159,0
DA:160,0
DA:165,0
LF:79
LH:0
BRDA:32,0,0,0
BRDA:32,0,1,0
BRDA:67,1,0,0
BRDA:67,1,1,0
BRDA:68,2,0,0
BRDA:68,2,1,0
BRDA:75,3,0,0
BRDA:75,3,1,0
BRDA:101,4,0,0
BRDA:101,4,1,0
BRDA:114,5,0,0
BRDA:114,5,1,0
BRDA:128,6,0,0
BRDA:128,6,1,0
BRDA:138,7,0,0
BRDA:138,7,1,0
BRDA:140,8,0,0
BRDA:140,8,1,0
BRF:18
BRH:0
end_of_record
TN:
SF:lib\cukejson\generateCucumberJson.js
FN:6,generateCucumberJson
FN:8,(anonymous_1)
FN:14,storePickle
FN:32,(anonymous_3)
FN:37,(anonymous_4)
FN:41,(anonymous_5)
FN:48,(anonymous_6)
FNF:7
FNH:0
FNDA:0,generateCucumberJson
FNDA:0,(anonymous_1)
FNDA:0,storePickle
FNDA:0,(anonymous_3)
FNDA:0,(anonymous_4)
FNDA:0,(anonymous_5)
FNDA:0,(anonymous_6)
DA:1,0
DA:2,0
DA:3,0
DA:4,0
DA:7,0
DA:8,0
DA:9,0
DA:12,0
DA:15,0
DA:18,0
DA:21,0
DA:32,0
DA:33,0
DA:37,0
DA:38,0
DA:39,0
DA:40,0
DA:41,0
DA:44,0
DA:48,0
DA:49,0
DA:53,0
DA:58,0
DA:59,0
DA:62,0
DA:67,0
DA:69,0
DA:72,0
LF:28
LH:0
BRDA:58,0,0,0
BRDA:58,0,1,0
BRF:2
BRH:0
end_of_record
TN:
SF:lib\testHelpers\resolveFeatureFromFile.js
FN:6,(anonymous_0)
FNF:1
FNH:0
FNDA:0,(anonymous_0)
DA:2,0
DA:4,0
DA:6,0
DA:7,0
DA:8,0
DA:11,0
LF:6
LH:0
BRF:0
BRH:0
end_of_record
